;  LST file generated by mikroListExporter - v.2.0 
; Date/Time: 14/08/2018 23:24:13
;----------------------------------------------

;Address Opcode 	ASM
0x0000	0xF005EF11  	GOTO        2594
0x0004	0x0000      	NOP
0x0006	0x0000      	NOP
0x0008	0xF000EF00  	GOTO        0
0x000C	0x0000      	NOP
0x000E	0x0000      	NOP
0x0010	0x0000      	NOP
0x0012	0x0000      	NOP
0x0014	0x0000      	NOP
0x0016	0x0000      	NOP
0x0018	0xD7F3      	BRA         0
_UART1_Write:
;__Lib_UART_c67.c,58 :: 		
;__Lib_UART_c67.c,59 :: 		
L_UART1_Write3:
0x001C	0xB2AC      	BTFSC       TXSTA, 1 
0x001E	0xD002      	BRA         L_UART1_Write4
;__Lib_UART_c67.c,60 :: 		
0x0020	0x0000      	NOP
0x0022	0xD7FC      	BRA         L_UART1_Write3
L_UART1_Write4:
;__Lib_UART_c67.c,61 :: 		
0x0024	0xFFADC074  	MOVFF       FARG_UART1_Write_data_, TXREG
;__Lib_UART_c67.c,62 :: 		
L_end_UART1_Write:
0x0028	0x0012      	RETURN      0
; end of _UART1_Write
_SPI1_Write:
;__Lib_SPI_b10c7.c,79 :: 		
;__Lib_SPI_b10c7.c,82 :: 		
0x002A	0xFFC9C074  	MOVFF       FARG_SPI1_Write_data_, SSPBUF
;__Lib_SPI_b10c7.c,83 :: 		
L_SPI1_Write8:
0x002E	0xB0C7      	BTFSC       SSPSTAT, 0 
0x0030	0xD002      	BRA         L_SPI1_Write9
;__Lib_SPI_b10c7.c,84 :: 		
0x0032	0x0000      	NOP
0x0034	0xD7FC      	BRA         L_SPI1_Write8
L_SPI1_Write9:
;__Lib_SPI_b10c7.c,85 :: 		
0x0036	0xF000CFC9  	MOVFF       SSPBUF, R0
;__Lib_SPI_b10c7.c,87 :: 		
L_end_SPI1_Write:
0x003A	0x0012      	RETURN      0
; end of _SPI1_Write
_____DoIFC:
;__Lib_System.c,93 :: 		
;__Lib_System.c,94 :: 		
0x003C	0x50F2      	MOVF        INTCON, 0, 0
;__Lib_System.c,95 :: 		
0x003E	0x6E02      	MOVWF       R2, 0
;__Lib_System.c,96 :: 		
0x0040	0x9EF2      	BCF         INTCON, 7 
;__Lib_System.c,97 :: 		
0x0042	0x0005      	PUSH
;__Lib_System.c,98 :: 		
0x0044	0x6AFF      	CLRF        TOSU, 0
;__Lib_System.c,99 :: 		
0x0046	0x5001      	MOVF        R1, 0, 0
;__Lib_System.c,100 :: 		
0x0048	0x6EFE      	MOVWF       TOSH, 0
;__Lib_System.c,101 :: 		
0x004A	0x5000      	MOVF        R0, 0, 0
;__Lib_System.c,102 :: 		
0x004C	0x6EFD      	MOVWF       TOSL, 0
;__Lib_System.c,103 :: 		
0x004E	0xBE02      	BTFSC       R2, 7, 0
;__Lib_System.c,104 :: 		
0x0050	0x8EF2      	BSF         INTCON, 7, 0
;__Lib_System.c,105 :: 		
;__Lib_System.c,107 :: 		
L_end_____DoIFC:
0x0052	0x0012      	RETURN      0
; end of _____DoIFC
_Delay_1us:
;__Lib_Delays.c,7 :: 		void Delay_1us() {
;__Lib_Delays.c,8 :: 		Delay_us(1);
0x0054	0x0E06      	MOVLW       6
0x0056	0x6E0D      	MOVWF       R13, 0
L_Delay_1us0:
0x0058	0x2E0D      	DECFSZ      R13, 1, 0
0x005A	0xD7FE      	BRA         L_Delay_1us0
0x005C	0x0000      	NOP
;__Lib_Delays.c,9 :: 		}
L_end_Delay_1us:
0x005E	0x0012      	RETURN      0
; end of _Delay_1us
__Lib_SoftI2C_PutZerosToLATSda:
;__Lib_SoftI2C.c,28 :: 		
;__Lib_SoftI2C.c,37 :: 		
0x0060	0xF083EE0F  	LFSR        0, Soft_I2C_Sda
;__Lib_SoftI2C.c,38 :: 		
0x0064	0x50EF      	MOVF        INDF0, 0, 0
;__Lib_SoftI2C.c,39 :: 		
0x0066	0xF000CFEF  	MOVFF       INDF0, R0
;__Lib_SoftI2C.c,41 :: 		
0x006A	0x9600      	BCF         __Lib_SoftI2C_PutZerosToLATSda_temp_sda_L0, BitPos(Soft_I2C_Sda+0), 0
;__Lib_SoftI2C.c,43 :: 		
0x006C	0xFFEFC000  	MOVFF       R0, INDF0
;__Lib_SoftI2C.c,44 :: 		
L_end_PutZerosToLATSda:
0x0070	0x0012      	RETURN      0
; end of __Lib_SoftI2C_PutZerosToLATSda
__Lib_SoftI2C_PutZerosToLATScl:
;__Lib_SoftI2C.c,45 :: 		
;__Lib_SoftI2C.c,53 :: 		
0x0072	0xF083EE0F  	LFSR        0, Soft_I2C_Scl
;__Lib_SoftI2C.c,54 :: 		
0x0076	0x50EF      	MOVF        INDF0, 0, 0
;__Lib_SoftI2C.c,55 :: 		
0x0078	0xF000CFEF  	MOVFF       INDF0, R0
;__Lib_SoftI2C.c,58 :: 		
0x007C	0x9400      	BCF         __Lib_SoftI2C_PutZerosToLATScl_temp_scl_L0, BitPos(Soft_I2C_Scl+0), 0
;__Lib_SoftI2C.c,60 :: 		
0x007E	0xFFEFC000  	MOVFF       R0, INDF0
;__Lib_SoftI2C.c,61 :: 		
L_end_PutZerosToLATScl:
0x0082	0x0012      	RETURN      0
; end of __Lib_SoftI2C_PutZerosToLATScl
_I2C1_Rd:
;__Lib_I2C_b10.c,88 :: 		
;__Lib_I2C_b10.c,92 :: 		
0x0084	0xF070C036  	MOVFF       __Lib_I2C_b10__I2C1_TIMEOUT, I2C1_Rd_timeout_L0
0x0088	0xF071C037  	MOVFF       __Lib_I2C_b10__I2C1_TIMEOUT+1, I2C1_Rd_timeout_L0+1
0x008C	0xF072C038  	MOVFF       __Lib_I2C_b10__I2C1_TIMEOUT+2, I2C1_Rd_timeout_L0+2
0x0090	0xF073C039  	MOVFF       __Lib_I2C_b10__I2C1_TIMEOUT+3, I2C1_Rd_timeout_L0+3
;__Lib_I2C_b10.c,95 :: 		
0x0094	0x969E      	BCF         PIR1, 3 
;__Lib_I2C_b10.c,96 :: 		
0x0096	0x86C5      	BSF         SSPCON2, 3 
;__Lib_I2C_b10.c,98 :: 		
L_I2C1_Rd16:
0x0098	0xB69E      	BTFSC       PIR1, 3 
0x009A	0xD01F      	BRA         L_I2C1_Rd17
;__Lib_I2C_b10.c,100 :: 		
0x009C	0x5036      	MOVF        __Lib_I2C_b10__I2C1_TIMEOUT, 0 
0x009E	0x1037      	IORWF       __Lib_I2C_b10__I2C1_TIMEOUT+1, 0 
0x00A0	0x1038      	IORWF       __Lib_I2C_b10__I2C1_TIMEOUT+2, 0 
0x00A2	0x1039      	IORWF       __Lib_I2C_b10__I2C1_TIMEOUT+3, 0 
0x00A4	0xE019      	BZ          L_I2C1_Rd18
;__Lib_I2C_b10.c,102 :: 		
0x00A6	0x0100      	MOVLB       0
0x00A8	0x5170      	MOVF        I2C1_Rd_timeout_L0, 0, 1
0x00AA	0x1171      	IORWF       I2C1_Rd_timeout_L0+1, 0, 1
0x00AC	0x1172      	IORWF       I2C1_Rd_timeout_L0+2, 0, 1
0x00AE	0x1173      	IORWF       I2C1_Rd_timeout_L0+3, 0, 1
0x00B0	0xE10C      	BNZ         L_I2C1_Rd19
;__Lib_I2C_b10.c,104 :: 		
0x00B2	0xFFE1C049  	MOVFF       _I2C1_Timeout_Ptr+2, FSR1L
0x00B6	0xFFE2C04A  	MOVFF       _I2C1_Timeout_Ptr+3, FSR1H
0x00BA	0x0E03      	MOVLW       3
0x00BC	0x6EE6      	MOVWF       POSTINC1 
0x00BE	0xF000C047  	MOVFF       _I2C1_Timeout_Ptr, R0
0x00C2	0xF001C048  	MOVFF       _I2C1_Timeout_Ptr+1, R1
0x00C6	0xDFBA      	RCALL       _____DoIFC
;__Lib_I2C_b10.c,105 :: 		
0x00C8	0xD008      	BRA         L_I2C1_Rd17
;__Lib_I2C_b10.c,106 :: 		
L_I2C1_Rd19:
;__Lib_I2C_b10.c,107 :: 		
0x00CA	0x0E01      	MOVLW       1
0x00CC	0x0100      	MOVLB       0
0x00CE	0x5F70      	SUBWF       I2C1_Rd_timeout_L0, 1, 1
0x00D0	0x0E00      	MOVLW       0
0x00D2	0x5B71      	SUBWFB      I2C1_Rd_timeout_L0+1, 1, 1
0x00D4	0x5B72      	SUBWFB      I2C1_Rd_timeout_L0+2, 1, 1
0x00D6	0x5B73      	SUBWFB      I2C1_Rd_timeout_L0+3, 1, 1
;__Lib_I2C_b10.c,108 :: 		
L_I2C1_Rd18:
;__Lib_I2C_b10.c,109 :: 		
0x00D8	0xD7DF      	BRA         L_I2C1_Rd16
L_I2C1_Rd17:
0x00DA	0x0100      	MOVLB       0
;__Lib_I2C_b10.c,111 :: 		
0x00DC	0xF06FCFC9  	MOVFF       SSPBUF, I2C1_Rd_tmp_L0
;__Lib_I2C_b10.c,112 :: 		
0x00E0	0x516E      	MOVF        FARG_I2C1_Rd_ack, 0, 1
0x00E2	0x0A00      	XORLW       0
0x00E4	0xE102      	BNZ         L_I2C1_Rd20
;__Lib_I2C_b10.c,113 :: 		
0x00E6	0x8AC5      	BSF         SSPCON2, 5 
0x00E8	0xD001      	BRA         L_I2C1_Rd21
L_I2C1_Rd20:
;__Lib_I2C_b10.c,115 :: 		
0x00EA	0x9AC5      	BCF         SSPCON2, 5 
L_I2C1_Rd21:
;__Lib_I2C_b10.c,117 :: 		
0x00EC	0x969E      	BCF         PIR1, 3 
;__Lib_I2C_b10.c,118 :: 		
0x00EE	0x88C5      	BSF         SSPCON2, 4 
;__Lib_I2C_b10.c,121 :: 		
0x00F0	0xF070C036  	MOVFF       __Lib_I2C_b10__I2C1_TIMEOUT, I2C1_Rd_timeout_L0
0x00F4	0xF071C037  	MOVFF       __Lib_I2C_b10__I2C1_TIMEOUT+1, I2C1_Rd_timeout_L0+1
0x00F8	0xF072C038  	MOVFF       __Lib_I2C_b10__I2C1_TIMEOUT+2, I2C1_Rd_timeout_L0+2
0x00FC	0xF073C039  	MOVFF       __Lib_I2C_b10__I2C1_TIMEOUT+3, I2C1_Rd_timeout_L0+3
;__Lib_I2C_b10.c,123 :: 		
L_I2C1_Rd22:
0x0100	0xB69E      	BTFSC       PIR1, 3 
0x0102	0xD01F      	BRA         L_I2C1_Rd23
;__Lib_I2C_b10.c,125 :: 		
0x0104	0x5036      	MOVF        __Lib_I2C_b10__I2C1_TIMEOUT, 0 
0x0106	0x1037      	IORWF       __Lib_I2C_b10__I2C1_TIMEOUT+1, 0 
0x0108	0x1038      	IORWF       __Lib_I2C_b10__I2C1_TIMEOUT+2, 0 
0x010A	0x1039      	IORWF       __Lib_I2C_b10__I2C1_TIMEOUT+3, 0 
0x010C	0xE019      	BZ          L_I2C1_Rd24
;__Lib_I2C_b10.c,127 :: 		
0x010E	0x0100      	MOVLB       0
0x0110	0x5170      	MOVF        I2C1_Rd_timeout_L0, 0, 1
0x0112	0x1171      	IORWF       I2C1_Rd_timeout_L0+1, 0, 1
0x0114	0x1172      	IORWF       I2C1_Rd_timeout_L0+2, 0, 1
0x0116	0x1173      	IORWF       I2C1_Rd_timeout_L0+3, 0, 1
0x0118	0xE10C      	BNZ         L_I2C1_Rd25
;__Lib_I2C_b10.c,129 :: 		
0x011A	0xFFE1C049  	MOVFF       _I2C1_Timeout_Ptr+2, FSR1L
0x011E	0xFFE2C04A  	MOVFF       _I2C1_Timeout_Ptr+3, FSR1H
0x0122	0x0E03      	MOVLW       3
0x0124	0x6EE6      	MOVWF       POSTINC1 
0x0126	0xF000C047  	MOVFF       _I2C1_Timeout_Ptr, R0
0x012A	0xF001C048  	MOVFF       _I2C1_Timeout_Ptr+1, R1
0x012E	0xDF86      	RCALL       _____DoIFC
;__Lib_I2C_b10.c,130 :: 		
0x0130	0xD008      	BRA         L_I2C1_Rd23
;__Lib_I2C_b10.c,131 :: 		
L_I2C1_Rd25:
;__Lib_I2C_b10.c,132 :: 		
0x0132	0x0E01      	MOVLW       1
0x0134	0x0100      	MOVLB       0
0x0136	0x5F70      	SUBWF       I2C1_Rd_timeout_L0, 1, 1
0x0138	0x0E00      	MOVLW       0
0x013A	0x5B71      	SUBWFB      I2C1_Rd_timeout_L0+1, 1, 1
0x013C	0x5B72      	SUBWFB      I2C1_Rd_timeout_L0+2, 1, 1
0x013E	0x5B73      	SUBWFB      I2C1_Rd_timeout_L0+3, 1, 1
;__Lib_I2C_b10.c,133 :: 		
L_I2C1_Rd24:
;__Lib_I2C_b10.c,134 :: 		
0x0140	0xD7DF      	BRA         L_I2C1_Rd22
L_I2C1_Rd23:
;__Lib_I2C_b10.c,136 :: 		
0x0142	0xF000C06F  	MOVFF       I2C1_Rd_tmp_L0, R0
;__Lib_I2C_b10.c,137 :: 		
L_end_I2C1_Rd:
0x0146	0x0012      	RETURN      0
; end of _I2C1_Rd
_I2C1_Wr:
;__Lib_I2C_b10.c,139 :: 		
;__Lib_I2C_b10.c,142 :: 		
0x0148	0x969E      	BCF         PIR1, 3 
;__Lib_I2C_b10.c,143 :: 		
0x014A	0xFFC9C06E  	MOVFF       FARG_I2C1_Wr_data_, SSPBUF
;__Lib_I2C_b10.c,145 :: 		
0x014E	0xF06FC036  	MOVFF       __Lib_I2C_b10__I2C1_TIMEOUT, I2C1_Wr_timeout_L0
0x0152	0xF070C037  	MOVFF       __Lib_I2C_b10__I2C1_TIMEOUT+1, I2C1_Wr_timeout_L0+1
0x0156	0xF071C038  	MOVFF       __Lib_I2C_b10__I2C1_TIMEOUT+2, I2C1_Wr_timeout_L0+2
0x015A	0xF072C039  	MOVFF       __Lib_I2C_b10__I2C1_TIMEOUT+3, I2C1_Wr_timeout_L0+3
;__Lib_I2C_b10.c,147 :: 		
L_I2C1_Wr26:
0x015E	0xA4C7      	BTFSS       SSPSTAT, 2 
0x0160	0xD021      	BRA         L_I2C1_Wr27
;__Lib_I2C_b10.c,149 :: 		
0x0162	0x5036      	MOVF        __Lib_I2C_b10__I2C1_TIMEOUT, 0 
0x0164	0x1037      	IORWF       __Lib_I2C_b10__I2C1_TIMEOUT+1, 0 
0x0166	0x1038      	IORWF       __Lib_I2C_b10__I2C1_TIMEOUT+2, 0 
0x0168	0x1039      	IORWF       __Lib_I2C_b10__I2C1_TIMEOUT+3, 0 
0x016A	0xE01B      	BZ          L_I2C1_Wr28
;__Lib_I2C_b10.c,151 :: 		
0x016C	0x0100      	MOVLB       0
0x016E	0x516F      	MOVF        I2C1_Wr_timeout_L0, 0, 1
0x0170	0x1170      	IORWF       I2C1_Wr_timeout_L0+1, 0, 1
0x0172	0x1171      	IORWF       I2C1_Wr_timeout_L0+2, 0, 1
0x0174	0x1172      	IORWF       I2C1_Wr_timeout_L0+3, 0, 1
0x0176	0xE10E      	BNZ         L_I2C1_Wr29
;__Lib_I2C_b10.c,153 :: 		
0x0178	0xFFE1C049  	MOVFF       _I2C1_Timeout_Ptr+2, FSR1L
0x017C	0xFFE2C04A  	MOVFF       _I2C1_Timeout_Ptr+3, FSR1H
0x0180	0x0E04      	MOVLW       4
0x0182	0x6EE6      	MOVWF       POSTINC1 
0x0184	0xF000C047  	MOVFF       _I2C1_Timeout_Ptr, R0
0x0188	0xF001C048  	MOVFF       _I2C1_Timeout_Ptr+1, R1
0x018C	0xDF57      	RCALL       _____DoIFC
;__Lib_I2C_b10.c,154 :: 		
0x018E	0x0E01      	MOVLW       1
0x0190	0x6E00      	MOVWF       R0 
0x0192	0xD03A      	BRA         L_end_I2C1_Wr
;__Lib_I2C_b10.c,155 :: 		
L_I2C1_Wr29:
;__Lib_I2C_b10.c,156 :: 		
0x0194	0x0E01      	MOVLW       1
0x0196	0x0100      	MOVLB       0
0x0198	0x5F6F      	SUBWF       I2C1_Wr_timeout_L0, 1, 1
0x019A	0x0E00      	MOVLW       0
0x019C	0x5B70      	SUBWFB      I2C1_Wr_timeout_L0+1, 1, 1
0x019E	0x5B71      	SUBWFB      I2C1_Wr_timeout_L0+2, 1, 1
0x01A0	0x5B72      	SUBWFB      I2C1_Wr_timeout_L0+3, 1, 1
;__Lib_I2C_b10.c,157 :: 		
L_I2C1_Wr28:
;__Lib_I2C_b10.c,158 :: 		
0x01A2	0xD7DD      	BRA         L_I2C1_Wr26
L_I2C1_Wr27:
;__Lib_I2C_b10.c,160 :: 		
0x01A4	0xF06FC036  	MOVFF       __Lib_I2C_b10__I2C1_TIMEOUT, I2C1_Wr_timeout_L0
0x01A8	0xF070C037  	MOVFF       __Lib_I2C_b10__I2C1_TIMEOUT+1, I2C1_Wr_timeout_L0+1
0x01AC	0xF071C038  	MOVFF       __Lib_I2C_b10__I2C1_TIMEOUT+2, I2C1_Wr_timeout_L0+2
0x01B0	0xF072C039  	MOVFF       __Lib_I2C_b10__I2C1_TIMEOUT+3, I2C1_Wr_timeout_L0+3
;__Lib_I2C_b10.c,162 :: 		
L_I2C1_Wr30:
0x01B4	0xB69E      	BTFSC       PIR1, 3 
0x01B6	0xD021      	BRA         L_I2C1_Wr31
;__Lib_I2C_b10.c,164 :: 		
0x01B8	0x5036      	MOVF        __Lib_I2C_b10__I2C1_TIMEOUT, 0 
0x01BA	0x1037      	IORWF       __Lib_I2C_b10__I2C1_TIMEOUT+1, 0 
0x01BC	0x1038      	IORWF       __Lib_I2C_b10__I2C1_TIMEOUT+2, 0 
0x01BE	0x1039      	IORWF       __Lib_I2C_b10__I2C1_TIMEOUT+3, 0 
0x01C0	0xE01B      	BZ          L_I2C1_Wr32
;__Lib_I2C_b10.c,166 :: 		
0x01C2	0x0100      	MOVLB       0
0x01C4	0x516F      	MOVF        I2C1_Wr_timeout_L0, 0, 1
0x01C6	0x1170      	IORWF       I2C1_Wr_timeout_L0+1, 0, 1
0x01C8	0x1171      	IORWF       I2C1_Wr_timeout_L0+2, 0, 1
0x01CA	0x1172      	IORWF       I2C1_Wr_timeout_L0+3, 0, 1
0x01CC	0xE10E      	BNZ         L_I2C1_Wr33
;__Lib_I2C_b10.c,168 :: 		
0x01CE	0xFFE1C049  	MOVFF       _I2C1_Timeout_Ptr+2, FSR1L
0x01D2	0xFFE2C04A  	MOVFF       _I2C1_Timeout_Ptr+3, FSR1H
0x01D6	0x0E04      	MOVLW       4
0x01D8	0x6EE6      	MOVWF       POSTINC1 
0x01DA	0xF000C047  	MOVFF       _I2C1_Timeout_Ptr, R0
0x01DE	0xF001C048  	MOVFF       _I2C1_Timeout_Ptr+1, R1
0x01E2	0xDF2C      	RCALL       _____DoIFC
;__Lib_I2C_b10.c,169 :: 		
0x01E4	0x0E01      	MOVLW       1
0x01E6	0x6E00      	MOVWF       R0 
0x01E8	0xD00F      	BRA         L_end_I2C1_Wr
;__Lib_I2C_b10.c,170 :: 		
L_I2C1_Wr33:
;__Lib_I2C_b10.c,171 :: 		
0x01EA	0x0E01      	MOVLW       1
0x01EC	0x0100      	MOVLB       0
0x01EE	0x5F6F      	SUBWF       I2C1_Wr_timeout_L0, 1, 1
0x01F0	0x0E00      	MOVLW       0
0x01F2	0x5B70      	SUBWFB      I2C1_Wr_timeout_L0+1, 1, 1
0x01F4	0x5B71      	SUBWFB      I2C1_Wr_timeout_L0+2, 1, 1
0x01F6	0x5B72      	SUBWFB      I2C1_Wr_timeout_L0+3, 1, 1
;__Lib_I2C_b10.c,172 :: 		
L_I2C1_Wr32:
;__Lib_I2C_b10.c,173 :: 		
0x01F8	0xD7DD      	BRA         L_I2C1_Wr30
L_I2C1_Wr31:
;__Lib_I2C_b10.c,175 :: 		
0x01FA	0xBCC5      	BTFSC       SSPCON2, 6 
0x01FC	0xD002      	BRA         L_I2C1_Wr34
;__Lib_I2C_b10.c,176 :: 		
0x01FE	0x6A00      	CLRF        R0 
0x0200	0xD003      	BRA         L_end_I2C1_Wr
;__Lib_I2C_b10.c,177 :: 		
L_I2C1_Wr34:
;__Lib_I2C_b10.c,179 :: 		
0x0202	0x84C5      	BSF         SSPCON2, 2 
;__Lib_I2C_b10.c,180 :: 		
0x0204	0x0E02      	MOVLW       2
0x0206	0x6E00      	MOVWF       R0 
;__Lib_I2C_b10.c,182 :: 		
L_end_I2C1_Wr:
0x0208	0x0012      	RETURN      0
; end of _I2C1_Wr
_SPI1_Read:
;__Lib_SPI_b10c7.c,68 :: 		
;__Lib_SPI_b10c7.c,69 :: 		
0x020A	0xFFC9C06E  	MOVFF       FARG_SPI1_Read_buffer, SSPBUF
;__Lib_SPI_b10c7.c,70 :: 		
L_SPI1_Read6:
0x020E	0xB0C7      	BTFSC       SSPSTAT, 0 
0x0210	0xD002      	BRA         L_SPI1_Read7
;__Lib_SPI_b10c7.c,71 :: 		
0x0212	0x0000      	NOP
0x0214	0xD7FC      	BRA         L_SPI1_Read6
L_SPI1_Read7:
;__Lib_SPI_b10c7.c,72 :: 		
0x0216	0xF000CFC9  	MOVFF       SSPBUF, R0
;__Lib_SPI_b10c7.c,75 :: 		
L_end_SPI1_Read:
0x021A	0x0012      	RETURN      0
; end of _SPI1_Read
_Soft_I2C_Write:
;__Lib_SoftI2C.c,193 :: 		
;__Lib_SoftI2C.c,194 :: 		
0x021C	0x0E01      	MOVLW       1
0x021E	0x0100      	MOVLB       0
0x0220	0x6F6C      	MOVWF       Soft_I2C_Write_result_L0, 1
0x0222	0x0E00      	MOVLW       0
0x0224	0x6F6D      	MOVWF       Soft_I2C_Write_result_L0+1, 1
;__Lib_SoftI2C.c,196 :: 		
0x0226	0x0E80      	MOVLW       128
0x0228	0x6F6A      	MOVWF       Soft_I2C_Write_temp_L0, 1
0x022A	0x0E00      	MOVLW       0
0x022C	0x6F6B      	MOVWF       Soft_I2C_Write_temp_L0+1, 1
;__Lib_SoftI2C.c,198 :: 		
L_Soft_I2C_Write16:
0x022E	0x516A      	MOVF        Soft_I2C_Write_temp_L0, 0, 1
0x0230	0x116B      	IORWF       Soft_I2C_Write_temp_L0+1, 0, 1
0x0232	0xE023      	BZ          L_Soft_I2C_Write17
;__Lib_SoftI2C.c,199 :: 		
0x0234	0xDF0F      	RCALL       _Delay_1us
0x0236	0xDF0E      	RCALL       _Delay_1us
;__Lib_SoftI2C.c,200 :: 		
0x0238	0xDF0D      	RCALL       _Delay_1us
0x023A	0xDF0C      	RCALL       _Delay_1us
;__Lib_SoftI2C.c,202 :: 		
0x023C	0xDF1A      	RCALL       __Lib_SoftI2C_PutZerosToLATScl
;__Lib_SoftI2C.c,203 :: 		
0x023E	0x9495      	BCF         Soft_I2C_Scl_direction, BitPos(Soft_I2C_Scl_direction+0) 
;__Lib_SoftI2C.c,205 :: 		
0x0240	0xDF09      	RCALL       _Delay_1us
0x0242	0xDF08      	RCALL       _Delay_1us
;__Lib_SoftI2C.c,207 :: 		
0x0244	0x516A      	MOVF        Soft_I2C_Write_temp_L0, 0, 1
0x0246	0x1569      	ANDWF       FARG_Soft_I2C_Write_data_, 0, 1
0x0248	0x6E00      	MOVWF       R0 
0x024A	0x0E00      	MOVLW       0
0x024C	0x156B      	ANDWF       Soft_I2C_Write_temp_L0+1, 0, 1
0x024E	0x6E01      	MOVWF       R1 
0x0250	0x5000      	MOVF        R0, 0 
0x0252	0x1001      	IORWF       R1, 0 
0x0254	0xE002      	BZ          L_Soft_I2C_Write18
;__Lib_SoftI2C.c,208 :: 		
0x0256	0x8695      	BSF         Soft_I2C_Sda_direction, BitPos(Soft_I2C_Sda_direction+0) 
;__Lib_SoftI2C.c,209 :: 		
0x0258	0xD002      	BRA         L_Soft_I2C_Write19
L_Soft_I2C_Write18:
;__Lib_SoftI2C.c,211 :: 		
0x025A	0xDF02      	RCALL       __Lib_SoftI2C_PutZerosToLATSda
;__Lib_SoftI2C.c,212 :: 		
0x025C	0x9695      	BCF         Soft_I2C_Sda_direction, BitPos(Soft_I2C_Sda_direction+0) 
;__Lib_SoftI2C.c,213 :: 		
L_Soft_I2C_Write19:
;__Lib_SoftI2C.c,215 :: 		
0x025E	0xDEFA      	RCALL       _Delay_1us
0x0260	0xDEF9      	RCALL       _Delay_1us
;__Lib_SoftI2C.c,217 :: 		
0x0262	0x8495      	BSF         Soft_I2C_Scl_direction, BitPos(Soft_I2C_Scl_direction+0) 
;__Lib_SoftI2C.c,219 :: 		
0x0264	0x904B      	BCF         __Lib_SoftI2C___StopWaiting, BitPos(__Lib_SoftI2C___StopWaiting+0) 
;__Lib_SoftI2C.c,220 :: 		
L_Soft_I2C_Write20:
0x0266	0xB483      	BTFSC       Soft_I2C_Scl, BitPos(Soft_I2C_Scl+0) 
0x0268	0xD004      	BRA         L_Soft_I2C_Write21
;__Lib_SoftI2C.c,221 :: 		
0x026A	0xA04B      	BTFSS       __Lib_SoftI2C___StopWaiting, BitPos(__Lib_SoftI2C___StopWaiting+0) 
0x026C	0xD001      	BRA         L_Soft_I2C_Write22
;__Lib_SoftI2C.c,222 :: 		
0x026E	0xD001      	BRA         L_Soft_I2C_Write21
L_Soft_I2C_Write22:
0x0270	0xD7FA      	BRA         L_Soft_I2C_Write20
L_Soft_I2C_Write21:
;__Lib_SoftI2C.c,224 :: 		
0x0272	0x336B      	RRCF        Soft_I2C_Write_temp_L0+1, 1, 1
0x0274	0x336A      	RRCF        Soft_I2C_Write_temp_L0, 1, 1
0x0276	0x9F6B      	BCF         Soft_I2C_Write_temp_L0+1, 7, 1
;__Lib_SoftI2C.c,225 :: 		
0x0278	0xD7DA      	BRA         L_Soft_I2C_Write16
L_Soft_I2C_Write17:
;__Lib_SoftI2C.c,227 :: 		
0x027A	0x6B6C      	CLRF        Soft_I2C_Write_result_L0, 1
0x027C	0x6B6D      	CLRF        Soft_I2C_Write_result_L0+1, 1
;__Lib_SoftI2C.c,229 :: 		
0x027E	0xDEEA      	RCALL       _Delay_1us
0x0280	0xDEE9      	RCALL       _Delay_1us
;__Lib_SoftI2C.c,231 :: 		
0x0282	0xDEF7      	RCALL       __Lib_SoftI2C_PutZerosToLATScl
;__Lib_SoftI2C.c,232 :: 		
0x0284	0x9495      	BCF         Soft_I2C_Scl_direction, BitPos(Soft_I2C_Scl_direction+0) 
;__Lib_SoftI2C.c,234 :: 		
0x0286	0xDEE6      	RCALL       _Delay_1us
0x0288	0xDEE5      	RCALL       _Delay_1us
;__Lib_SoftI2C.c,236 :: 		
0x028A	0x8695      	BSF         Soft_I2C_Sda_direction, BitPos(Soft_I2C_Sda_direction+0) 
;__Lib_SoftI2C.c,238 :: 		
0x028C	0xDEE3      	RCALL       _Delay_1us
0x028E	0xDEE2      	RCALL       _Delay_1us
;__Lib_SoftI2C.c,239 :: 		
0x0290	0xDEE1      	RCALL       _Delay_1us
0x0292	0xDEE0      	RCALL       _Delay_1us
;__Lib_SoftI2C.c,241 :: 		
0x0294	0x8495      	BSF         Soft_I2C_Scl_direction, BitPos(Soft_I2C_Scl_direction+0) 
;__Lib_SoftI2C.c,243 :: 		
0x0296	0x904B      	BCF         __Lib_SoftI2C___StopWaiting, BitPos(__Lib_SoftI2C___StopWaiting+0) 
;__Lib_SoftI2C.c,244 :: 		
L_Soft_I2C_Write23:
0x0298	0xB483      	BTFSC       Soft_I2C_Scl, BitPos(Soft_I2C_Scl+0) 
0x029A	0xD004      	BRA         L_Soft_I2C_Write24
;__Lib_SoftI2C.c,245 :: 		
0x029C	0xA04B      	BTFSS       __Lib_SoftI2C___StopWaiting, BitPos(__Lib_SoftI2C___StopWaiting+0) 
0x029E	0xD001      	BRA         L_Soft_I2C_Write25
;__Lib_SoftI2C.c,246 :: 		
0x02A0	0xD001      	BRA         L_Soft_I2C_Write24
L_Soft_I2C_Write25:
0x02A2	0xD7FA      	BRA         L_Soft_I2C_Write23
L_Soft_I2C_Write24:
;__Lib_SoftI2C.c,248 :: 		
0x02A4	0x6B6C      	CLRF        Soft_I2C_Write_result_L0, 1
0x02A6	0x6B6D      	CLRF        Soft_I2C_Write_result_L0+1, 1
;__Lib_SoftI2C.c,250 :: 		
0x02A8	0xDED5      	RCALL       _Delay_1us
0x02AA	0xDED4      	RCALL       _Delay_1us
;__Lib_SoftI2C.c,252 :: 		
0x02AC	0xB683      	BTFSC       Soft_I2C_Sda, BitPos(Soft_I2C_Sda+0) 
;__Lib_SoftI2C.c,253 :: 		
0x02AE	0x816C      	BSF         Soft_I2C_Write_result_L0, 0, 1
L_Soft_I2C_Write26:
;__Lib_SoftI2C.c,255 :: 		
0x02B0	0xDED1      	RCALL       _Delay_1us
0x02B2	0xDED0      	RCALL       _Delay_1us
;__Lib_SoftI2C.c,256 :: 		
0x02B4	0xDECF      	RCALL       _Delay_1us
0x02B6	0xDECE      	RCALL       _Delay_1us
;__Lib_SoftI2C.c,257 :: 		
0x02B8	0xDECD      	RCALL       _Delay_1us
0x02BA	0xDECC      	RCALL       _Delay_1us
;__Lib_SoftI2C.c,258 :: 		
0x02BC	0xDECB      	RCALL       _Delay_1us
0x02BE	0xDECA      	RCALL       _Delay_1us
;__Lib_SoftI2C.c,259 :: 		
0x02C0	0xDEC9      	RCALL       _Delay_1us
0x02C2	0xDEC8      	RCALL       _Delay_1us
;__Lib_SoftI2C.c,260 :: 		
0x02C4	0xDEC7      	RCALL       _Delay_1us
0x02C6	0xDEC6      	RCALL       _Delay_1us
;__Lib_SoftI2C.c,261 :: 		
0x02C8	0xDEC5      	RCALL       _Delay_1us
0x02CA	0xDEC4      	RCALL       _Delay_1us
;__Lib_SoftI2C.c,262 :: 		
0x02CC	0xDEC3      	RCALL       _Delay_1us
0x02CE	0xDEC2      	RCALL       _Delay_1us
;__Lib_SoftI2C.c,264 :: 		
0x02D0	0xDED0      	RCALL       __Lib_SoftI2C_PutZerosToLATScl
;__Lib_SoftI2C.c,265 :: 		
0x02D2	0x9495      	BCF         Soft_I2C_Scl_direction, BitPos(Soft_I2C_Scl_direction+0) 
;__Lib_SoftI2C.c,266 :: 		
0x02D4	0xDEC5      	RCALL       __Lib_SoftI2C_PutZerosToLATSda
;__Lib_SoftI2C.c,267 :: 		
0x02D6	0x9695      	BCF         Soft_I2C_Sda_direction, BitPos(Soft_I2C_Sda_direction+0) 
;__Lib_SoftI2C.c,269 :: 		
0x02D8	0xF000C06C  	MOVFF       Soft_I2C_Write_result_L0, R0
;__Lib_SoftI2C.c,270 :: 		
L_end_Soft_I2C_Write:
0x02DC	0x0012      	RETURN      0
; end of _Soft_I2C_Write
_Soft_I2C_Start:
;__Lib_SoftI2C.c,146 :: 		
;__Lib_SoftI2C.c,147 :: 		
0x02DE	0x8695      	BSF         Soft_I2C_Sda_direction, BitPos(Soft_I2C_Sda_direction+0) 
;__Lib_SoftI2C.c,149 :: 		
0x02E0	0xDEB9      	RCALL       _Delay_1us
0x02E2	0xDEB8      	RCALL       _Delay_1us
;__Lib_SoftI2C.c,151 :: 		
0x02E4	0x8495      	BSF         Soft_I2C_Scl_direction, BitPos(Soft_I2C_Scl_direction+0) 
;__Lib_SoftI2C.c,153 :: 		
0x02E6	0xDEB6      	RCALL       _Delay_1us
0x02E8	0xDEB5      	RCALL       _Delay_1us
;__Lib_SoftI2C.c,155 :: 		
0x02EA	0xDEBA      	RCALL       __Lib_SoftI2C_PutZerosToLATSda
;__Lib_SoftI2C.c,156 :: 		
0x02EC	0x9695      	BCF         Soft_I2C_Sda_direction, BitPos(Soft_I2C_Sda_direction+0) 
;__Lib_SoftI2C.c,158 :: 		
0x02EE	0xDEB2      	RCALL       _Delay_1us
0x02F0	0xDEB1      	RCALL       _Delay_1us
;__Lib_SoftI2C.c,160 :: 		
0x02F2	0xDEBF      	RCALL       __Lib_SoftI2C_PutZerosToLATScl
;__Lib_SoftI2C.c,161 :: 		
0x02F4	0x9495      	BCF         Soft_I2C_Scl_direction, BitPos(Soft_I2C_Scl_direction+0) 
;__Lib_SoftI2C.c,164 :: 		
L_end_Soft_I2C_Start:
0x02F6	0x0012      	RETURN      0
; end of _Soft_I2C_Start
_Soft_I2C_Stop:
;__Lib_SoftI2C.c,167 :: 		
;__Lib_SoftI2C.c,169 :: 		
0x02F8	0xDEB3      	RCALL       __Lib_SoftI2C_PutZerosToLATSda
;__Lib_SoftI2C.c,170 :: 		
0x02FA	0x9695      	BCF         Soft_I2C_Sda_direction, BitPos(Soft_I2C_Sda_direction+0) 
;__Lib_SoftI2C.c,172 :: 		
0x02FC	0xDEAB      	RCALL       _Delay_1us
0x02FE	0xDEAA      	RCALL       _Delay_1us
;__Lib_SoftI2C.c,174 :: 		
0x0300	0x8495      	BSF         Soft_I2C_Scl_direction, BitPos(Soft_I2C_Scl_direction+0) 
;__Lib_SoftI2C.c,176 :: 		
0x0302	0x904B      	BCF         __Lib_SoftI2C___StopWaiting, BitPos(__Lib_SoftI2C___StopWaiting+0) 
;__Lib_SoftI2C.c,177 :: 		
L_Soft_I2C_Stop13:
0x0304	0xB483      	BTFSC       Soft_I2C_Scl, BitPos(Soft_I2C_Scl+0) 
0x0306	0xD004      	BRA         L_Soft_I2C_Stop14
;__Lib_SoftI2C.c,178 :: 		
0x0308	0xA04B      	BTFSS       __Lib_SoftI2C___StopWaiting, BitPos(__Lib_SoftI2C___StopWaiting+0) 
0x030A	0xD001      	BRA         L_Soft_I2C_Stop15
;__Lib_SoftI2C.c,179 :: 		
0x030C	0xD001      	BRA         L_Soft_I2C_Stop14
L_Soft_I2C_Stop15:
0x030E	0xD7FA      	BRA         L_Soft_I2C_Stop13
L_Soft_I2C_Stop14:
;__Lib_SoftI2C.c,181 :: 		
0x0310	0xDEA1      	RCALL       _Delay_1us
0x0312	0xDEA0      	RCALL       _Delay_1us
;__Lib_SoftI2C.c,182 :: 		
0x0314	0xDE9F      	RCALL       _Delay_1us
0x0316	0xDE9E      	RCALL       _Delay_1us
;__Lib_SoftI2C.c,183 :: 		
0x0318	0xDE9D      	RCALL       _Delay_1us
0x031A	0xDE9C      	RCALL       _Delay_1us
;__Lib_SoftI2C.c,184 :: 		
0x031C	0xDE9B      	RCALL       _Delay_1us
0x031E	0xDE9A      	RCALL       _Delay_1us
;__Lib_SoftI2C.c,186 :: 		
0x0320	0x8695      	BSF         Soft_I2C_Sda_direction, BitPos(Soft_I2C_Sda_direction+0) 
;__Lib_SoftI2C.c,188 :: 		
0x0322	0xDE98      	RCALL       _Delay_1us
0x0324	0xDE97      	RCALL       _Delay_1us
;__Lib_SoftI2C.c,189 :: 		
L_end_Soft_I2C_Stop:
0x0326	0x0012      	RETURN      0
; end of _Soft_I2C_Stop
__Lib_Mmc_Mmc_Select:
;__Lib_Mmc.c,53 :: 		
;__Lib_Mmc.c,55 :: 		
0x0328	0x9481      	BCF         Mmc_Chip_Select, BitPos(Mmc_Chip_Select+0) 
;__Lib_Mmc.c,65 :: 		
L_end_Mmc_Select:
0x032A	0x0012      	RETURN      0
; end of __Lib_Mmc_Mmc_Select
__Lib_Mmc_Mmc_DeSelect:
;__Lib_Mmc.c,67 :: 		
;__Lib_Mmc.c,69 :: 		
0x032C	0x8481      	BSF         Mmc_Chip_Select, BitPos(Mmc_Chip_Select+0) 
;__Lib_Mmc.c,73 :: 		
0x032E	0xFFE1C052  	MOVFF       _SPI_Rd_Ptr+2, FSR1L
0x0332	0xFFE2C053  	MOVFF       _SPI_Rd_Ptr+3, FSR1H
0x0336	0x0EFF      	MOVLW       255
0x0338	0x6EE6      	MOVWF       POSTINC1 
0x033A	0xF000C050  	MOVFF       _SPI_Rd_Ptr, R0
0x033E	0xF001C051  	MOVFF       _SPI_Rd_Ptr+1, R1
0x0342	0xDE7C      	RCALL       _____DoIFC
;__Lib_Mmc.c,74 :: 		
L_end_Mmc_DeSelect:
0x0344	0x0012      	RETURN      0
; end of __Lib_Mmc_Mmc_DeSelect
__Lib_Mmc_Mmc_Send_Command:
;__Lib_Mmc.c,77 :: 		
;__Lib_Mmc.c,81 :: 		
0x0346	0x0E40      	MOVLW       64
0x0348	0x0100      	MOVLB       0
0x034A	0x2561      	ADDWF       FARG___Lib_Mmc_Mmc_Send_Command_partial_cmm, 0, 1
0x034C	0x6E00      	MOVWF       R0 
0x034E	0xFFE1C052  	MOVFF       _SPI_Rd_Ptr+2, FSR1L
0x0352	0xFFE2C053  	MOVFF       _SPI_Rd_Ptr+3, FSR1H
0x0356	0xFFE6C000  	MOVFF       R0, POSTINC1
0x035A	0xF000C050  	MOVFF       _SPI_Rd_Ptr, R0
0x035E	0xF001C051  	MOVFF       _SPI_Rd_Ptr+1, R1
0x0362	0xDE6C      	RCALL       _____DoIFC
;__Lib_Mmc.c,82 :: 		
0x0364	0xFFE1C052  	MOVFF       _SPI_Rd_Ptr+2, FSR1L
0x0368	0xFFE2C053  	MOVFF       _SPI_Rd_Ptr+3, FSR1H
0x036C	0xFFE6C065  	MOVFF       FARG___Lib_Mmc_Mmc_Send_Command_content+3, POSTINC1
0x0370	0xF000C050  	MOVFF       _SPI_Rd_Ptr, R0
0x0374	0xF001C051  	MOVFF       _SPI_Rd_Ptr+1, R1
0x0378	0xDE61      	RCALL       _____DoIFC
;__Lib_Mmc.c,83 :: 		
0x037A	0xFFE1C052  	MOVFF       _SPI_Rd_Ptr+2, FSR1L
0x037E	0xFFE2C053  	MOVFF       _SPI_Rd_Ptr+3, FSR1H
0x0382	0xFFE6C064  	MOVFF       FARG___Lib_Mmc_Mmc_Send_Command_content+2, POSTINC1
0x0386	0xF000C050  	MOVFF       _SPI_Rd_Ptr, R0
0x038A	0xF001C051  	MOVFF       _SPI_Rd_Ptr+1, R1
0x038E	0xDE56      	RCALL       _____DoIFC
;__Lib_Mmc.c,84 :: 		
0x0390	0xFFE1C052  	MOVFF       _SPI_Rd_Ptr+2, FSR1L
0x0394	0xFFE2C053  	MOVFF       _SPI_Rd_Ptr+3, FSR1H
0x0398	0xFFE6C063  	MOVFF       FARG___Lib_Mmc_Mmc_Send_Command_content+1, POSTINC1
0x039C	0xF000C050  	MOVFF       _SPI_Rd_Ptr, R0
0x03A0	0xF001C051  	MOVFF       _SPI_Rd_Ptr+1, R1
0x03A4	0xDE4B      	RCALL       _____DoIFC
;__Lib_Mmc.c,85 :: 		
0x03A6	0xFFE1C052  	MOVFF       _SPI_Rd_Ptr+2, FSR1L
0x03AA	0xFFE2C053  	MOVFF       _SPI_Rd_Ptr+3, FSR1H
0x03AE	0xFFE6C062  	MOVFF       FARG___Lib_Mmc_Mmc_Send_Command_content, POSTINC1
0x03B2	0xF000C050  	MOVFF       _SPI_Rd_Ptr, R0
0x03B6	0xF001C051  	MOVFF       _SPI_Rd_Ptr+1, R1
0x03BA	0xDE40      	RCALL       _____DoIFC
;__Lib_Mmc.c,86 :: 		
0x03BC	0xFFE1C052  	MOVFF       _SPI_Rd_Ptr+2, FSR1L
0x03C0	0xFFE2C053  	MOVFF       _SPI_Rd_Ptr+3, FSR1H
0x03C4	0xFFE6C066  	MOVFF       FARG___Lib_Mmc_Mmc_Send_Command_crc, POSTINC1
0x03C8	0xF000C050  	MOVFF       _SPI_Rd_Ptr, R0
0x03CC	0xF001C051  	MOVFF       _SPI_Rd_Ptr+1, R1
0x03D0	0xDE35      	RCALL       _____DoIFC
;__Lib_Mmc.c,89 :: 		
0x03D2	0x0100      	MOVLB       0
0x03D4	0x6B67      	CLRF        __Lib_Mmc_Mmc_Send_Command_timeout_L0, 1
0x03D6	0x6B68      	CLRF        __Lib_Mmc_Mmc_Send_Command_timeout_L0+1, 1
;__Lib_Mmc.c,90 :: 		
L___Lib_Mmc_Mmc_Send_Command0:
;__Lib_Mmc.c,91 :: 		
0x03D8	0xFFE1C052  	MOVFF       _SPI_Rd_Ptr+2, FSR1L
0x03DC	0xFFE2C053  	MOVFF       _SPI_Rd_Ptr+3, FSR1H
0x03E0	0x0EFF      	MOVLW       255
0x03E2	0x6EE6      	MOVWF       POSTINC1 
0x03E4	0xF000C050  	MOVFF       _SPI_Rd_Ptr, R0
0x03E8	0xF001C051  	MOVFF       _SPI_Rd_Ptr+1, R1
0x03EC	0xDE27      	RCALL       _____DoIFC
0x03EE	0xF05FC000  	MOVFF       R0, __Lib_Mmc_Mmc_Send_Command_response_L0
;__Lib_Mmc.c,92 :: 		
0x03F2	0x0100      	MOVLB       0
0x03F4	0x4B67      	INFSNZ      __Lib_Mmc_Mmc_Send_Command_timeout_L0, 1, 1
0x03F6	0x2B68      	INCF        __Lib_Mmc_Mmc_Send_Command_timeout_L0+1, 1, 1
;__Lib_Mmc.c,93 :: 		
0x03F8	0x0E80      	MOVLW       128
0x03FA	0x1400      	ANDWF       R0, 0 
0x03FC	0x6E01      	MOVWF       R1 
0x03FE	0x5001      	MOVF        R1, 0 
0x0400	0x0A00      	XORLW       0
0x0402	0xE007      	BZ          L___Lib_Mmc_Mmc_Send_Command75
0x0404	0x0E00      	MOVLW       0
0x0406	0x5D68      	SUBWF       __Lib_Mmc_Mmc_Send_Command_timeout_L0+1, 0, 1
0x0408	0xE102      	BNZ         L___Lib_Mmc_Mmc_Send_Command80
0x040A	0x0E64      	MOVLW       100
0x040C	0x5D67      	SUBWF       __Lib_Mmc_Mmc_Send_Command_timeout_L0, 0, 1
L___Lib_Mmc_Mmc_Send_Command80:
0x040E	0xE201      	BC          L___Lib_Mmc_Mmc_Send_Command75
0x0410	0xD7E3      	BRA         L___Lib_Mmc_Mmc_Send_Command0
L___Lib_Mmc_Mmc_Send_Command75:
;__Lib_Mmc.c,95 :: 		
0x0412	0xF000C05F  	MOVFF       __Lib_Mmc_Mmc_Send_Command_response_L0, R0
;__Lib_Mmc.c,96 :: 		
L_end_Mmc_Send_Command:
0x0416	0x0012      	RETURN      0
; end of __Lib_Mmc_Mmc_Send_Command
_I2C_LCD_Cmd:
;lcd_i2c.h,8 :: 		void I2C_LCD_Cmd(char out_char) {
;lcd_i2c.h,11 :: 		char rs = 0x00;
0x0418	0x0100      	MOVLB       0
0x041A	0x6B62      	CLRF        I2C_LCD_Cmd_rs_L0, 1
;lcd_i2c.h,13 :: 		hi_n = out_char & 0xF0;
0x041C	0x0EF0      	MOVLW       240
0x041E	0x145F      	ANDWF       FARG_I2C_LCD_Cmd_out_char, 0 
0x0420	0x6F60      	MOVWF       I2C_LCD_Cmd_hi_n_L0, 1
;lcd_i2c.h,14 :: 		lo_n = (out_char << 4) & 0xF0;
0x0422	0xF061C05F  	MOVFF       FARG_I2C_LCD_Cmd_out_char, I2C_LCD_Cmd_lo_n_L0
0x0426	0x3761      	RLCF        I2C_LCD_Cmd_lo_n_L0, 1, 1
0x0428	0x9161      	BCF         I2C_LCD_Cmd_lo_n_L0, 0, 1
0x042A	0x3761      	RLCF        I2C_LCD_Cmd_lo_n_L0, 1, 1
0x042C	0x9161      	BCF         I2C_LCD_Cmd_lo_n_L0, 0, 1
0x042E	0x3761      	RLCF        I2C_LCD_Cmd_lo_n_L0, 1, 1
0x0430	0x9161      	BCF         I2C_LCD_Cmd_lo_n_L0, 0, 1
0x0432	0x3761      	RLCF        I2C_LCD_Cmd_lo_n_L0, 1, 1
0x0434	0x9161      	BCF         I2C_LCD_Cmd_lo_n_L0, 0, 1
0x0436	0x0EF0      	MOVLW       240
0x0438	0x1761      	ANDWF       I2C_LCD_Cmd_lo_n_L0, 1, 1
;lcd_i2c.h,16 :: 		Soft_I2C_Start();
0x043A	0xDF51      	RCALL       _Soft_I2C_Start
;lcd_i2c.h,18 :: 		Soft_I2C_Write(LCD_ADDR);
0x043C	0x0E7E      	MOVLW       126
0x043E	0x6F69      	MOVWF       FARG_Soft_I2C_Write_data_, 1
0x0440	0xDEED      	RCALL       _Soft_I2C_Write
;lcd_i2c.h,20 :: 		Soft_I2C_Write(hi_n | rs | 0x04 | 0x08);
0x0442	0x5162      	MOVF        I2C_LCD_Cmd_rs_L0, 0, 1
0x0444	0x1160      	IORWF       I2C_LCD_Cmd_hi_n_L0, 0, 1
0x0446	0x6F69      	MOVWF       FARG_Soft_I2C_Write_data_, 1
0x0448	0x8569      	BSF         FARG_Soft_I2C_Write_data_, 2, 1
0x044A	0x8769      	BSF         FARG_Soft_I2C_Write_data_, 3, 1
0x044C	0xDEE7      	RCALL       _Soft_I2C_Write
;lcd_i2c.h,22 :: 		Delay_us(50);
0x044E	0x0E02      	MOVLW       2
0x0450	0x6E0C      	MOVWF       R12, 0
0x0452	0x0E4B      	MOVLW       75
0x0454	0x6E0D      	MOVWF       R13, 0
L_I2C_LCD_Cmd0:
0x0456	0x2E0D      	DECFSZ      R13, 1, 0
0x0458	0xD7FE      	BRA         L_I2C_LCD_Cmd0
0x045A	0x2E0C      	DECFSZ      R12, 1, 0
0x045C	0xD7FC      	BRA         L_I2C_LCD_Cmd0
;lcd_i2c.h,23 :: 		Soft_I2C_Write(hi_n | rs | 0x00 | 0x08);
0x045E	0x5162      	MOVF        I2C_LCD_Cmd_rs_L0, 0, 1
0x0460	0x1160      	IORWF       I2C_LCD_Cmd_hi_n_L0, 0, 1
0x0462	0x6F69      	MOVWF       FARG_Soft_I2C_Write_data_, 1
0x0464	0x8769      	BSF         FARG_Soft_I2C_Write_data_, 3, 1
0x0466	0xDEDA      	RCALL       _Soft_I2C_Write
;lcd_i2c.h,25 :: 		Soft_I2C_Write(lo_n | rs | 0x04 | 0x08);
0x0468	0x5162      	MOVF        I2C_LCD_Cmd_rs_L0, 0, 1
0x046A	0x1161      	IORWF       I2C_LCD_Cmd_lo_n_L0, 0, 1
0x046C	0x6F69      	MOVWF       FARG_Soft_I2C_Write_data_, 1
0x046E	0x8569      	BSF         FARG_Soft_I2C_Write_data_, 2, 1
0x0470	0x8769      	BSF         FARG_Soft_I2C_Write_data_, 3, 1
0x0472	0xDED4      	RCALL       _Soft_I2C_Write
;lcd_i2c.h,26 :: 		Delay_us(50);
0x0474	0x0E02      	MOVLW       2
0x0476	0x6E0C      	MOVWF       R12, 0
0x0478	0x0E4B      	MOVLW       75
0x047A	0x6E0D      	MOVWF       R13, 0
L_I2C_LCD_Cmd1:
0x047C	0x2E0D      	DECFSZ      R13, 1, 0
0x047E	0xD7FE      	BRA         L_I2C_LCD_Cmd1
0x0480	0x2E0C      	DECFSZ      R12, 1, 0
0x0482	0xD7FC      	BRA         L_I2C_LCD_Cmd1
;lcd_i2c.h,27 :: 		Soft_I2C_Write(lo_n | rs | 0x00 | 0x08);
0x0484	0x5162      	MOVF        I2C_LCD_Cmd_rs_L0, 0, 1
0x0486	0x1161      	IORWF       I2C_LCD_Cmd_lo_n_L0, 0, 1
0x0488	0x6F69      	MOVWF       FARG_Soft_I2C_Write_data_, 1
0x048A	0x8769      	BSF         FARG_Soft_I2C_Write_data_, 3, 1
0x048C	0xDEC7      	RCALL       _Soft_I2C_Write
;lcd_i2c.h,29 :: 		Soft_I2C_Stop();
0x048E	0xDF34      	RCALL       _Soft_I2C_Stop
;lcd_i2c.h,31 :: 		if(out_char == 0x01)Delay_ms(2);
0x0490	0x505F      	MOVF        FARG_I2C_LCD_Cmd_out_char, 0 
0x0492	0x0A01      	XORLW       1
0x0494	0xE10A      	BNZ         L_I2C_LCD_Cmd2
0x0496	0x0E34      	MOVLW       52
0x0498	0x6E0C      	MOVWF       R12, 0
0x049A	0x0EF1      	MOVLW       241
0x049C	0x6E0D      	MOVWF       R13, 0
L_I2C_LCD_Cmd3:
0x049E	0x2E0D      	DECFSZ      R13, 1, 0
0x04A0	0xD7FE      	BRA         L_I2C_LCD_Cmd3
0x04A2	0x2E0C      	DECFSZ      R12, 1, 0
0x04A4	0xD7FC      	BRA         L_I2C_LCD_Cmd3
0x04A6	0x0000      	NOP
0x04A8	0x0000      	NOP
L_I2C_LCD_Cmd2:
;lcd_i2c.h,32 :: 		}
L_end_I2C_LCD_Cmd:
0x04AA	0x0012      	RETURN      0
; end of _I2C_LCD_Cmd
_I2C_LCD_Chr:
;lcd_i2c.h,34 :: 		void I2C_LCD_Chr(char row, char column, char out_char) {
;lcd_i2c.h,37 :: 		char rs = 0x01;
0x04AC	0x0E01      	MOVLW       1
0x04AE	0x6E5E      	MOVWF       I2C_LCD_Chr_rs_L0 
;lcd_i2c.h,39 :: 		switch(row){
0x04B0	0xD01C      	BRA         L_I2C_LCD_Chr4
;lcd_i2c.h,41 :: 		case 1:
L_I2C_LCD_Chr6:
;lcd_i2c.h,42 :: 		I2C_LCD_Cmd(0x80 + (column - 1));
0x04B2	0x045A      	DECF        FARG_I2C_LCD_Chr_column, 0 
0x04B4	0x6E00      	MOVWF       R0 
0x04B6	0x5000      	MOVF        R0, 0 
0x04B8	0x0F80      	ADDLW       128
0x04BA	0x6E5F      	MOVWF       FARG_I2C_LCD_Cmd_out_char 
0x04BC	0xDFAD      	RCALL       _I2C_LCD_Cmd
;lcd_i2c.h,43 :: 		break;
0x04BE	0xD021      	BRA         L_I2C_LCD_Chr5
;lcd_i2c.h,44 :: 		case 2:
L_I2C_LCD_Chr7:
;lcd_i2c.h,45 :: 		I2C_LCD_Cmd(0xC0 + (column - 1));
0x04C0	0x045A      	DECF        FARG_I2C_LCD_Chr_column, 0 
0x04C2	0x6E00      	MOVWF       R0 
0x04C4	0x5000      	MOVF        R0, 0 
0x04C6	0x0FC0      	ADDLW       192
0x04C8	0x6E5F      	MOVWF       FARG_I2C_LCD_Cmd_out_char 
0x04CA	0xDFA6      	RCALL       _I2C_LCD_Cmd
;lcd_i2c.h,46 :: 		break;
0x04CC	0xD01A      	BRA         L_I2C_LCD_Chr5
;lcd_i2c.h,47 :: 		case 3:
L_I2C_LCD_Chr8:
;lcd_i2c.h,48 :: 		I2C_LCD_Cmd(0x94 + (column - 1));
0x04CE	0x045A      	DECF        FARG_I2C_LCD_Chr_column, 0 
0x04D0	0x6E00      	MOVWF       R0 
0x04D2	0x5000      	MOVF        R0, 0 
0x04D4	0x0F94      	ADDLW       148
0x04D6	0x6E5F      	MOVWF       FARG_I2C_LCD_Cmd_out_char 
0x04D8	0xDF9F      	RCALL       _I2C_LCD_Cmd
;lcd_i2c.h,49 :: 		break;
0x04DA	0xD013      	BRA         L_I2C_LCD_Chr5
;lcd_i2c.h,50 :: 		case 4:
L_I2C_LCD_Chr9:
;lcd_i2c.h,51 :: 		I2C_LCD_Cmd(0xD4 + (column - 1));
0x04DC	0x045A      	DECF        FARG_I2C_LCD_Chr_column, 0 
0x04DE	0x6E00      	MOVWF       R0 
0x04E0	0x5000      	MOVF        R0, 0 
0x04E2	0x0FD4      	ADDLW       212
0x04E4	0x6E5F      	MOVWF       FARG_I2C_LCD_Cmd_out_char 
0x04E6	0xDF98      	RCALL       _I2C_LCD_Cmd
;lcd_i2c.h,52 :: 		break;
0x04E8	0xD00C      	BRA         L_I2C_LCD_Chr5
;lcd_i2c.h,53 :: 		};
L_I2C_LCD_Chr4:
0x04EA	0x5059      	MOVF        FARG_I2C_LCD_Chr_row, 0 
0x04EC	0x0A01      	XORLW       1
0x04EE	0xE0E1      	BZ          L_I2C_LCD_Chr6
0x04F0	0x5059      	MOVF        FARG_I2C_LCD_Chr_row, 0 
0x04F2	0x0A02      	XORLW       2
0x04F4	0xE0E5      	BZ          L_I2C_LCD_Chr7
0x04F6	0x5059      	MOVF        FARG_I2C_LCD_Chr_row, 0 
0x04F8	0x0A03      	XORLW       3
0x04FA	0xE0E9      	BZ          L_I2C_LCD_Chr8
0x04FC	0x5059      	MOVF        FARG_I2C_LCD_Chr_row, 0 
0x04FE	0x0A04      	XORLW       4
0x0500	0xE0ED      	BZ          L_I2C_LCD_Chr9
L_I2C_LCD_Chr5:
;lcd_i2c.h,55 :: 		hi_n = out_char & 0xF0;
0x0502	0x0EF0      	MOVLW       240
0x0504	0x145B      	ANDWF       FARG_I2C_LCD_Chr_out_char, 0 
0x0506	0x6E5C      	MOVWF       I2C_LCD_Chr_hi_n_L0 
;lcd_i2c.h,56 :: 		lo_n = (out_char << 4) & 0xF0;
0x0508	0xF05DC05B  	MOVFF       FARG_I2C_LCD_Chr_out_char, I2C_LCD_Chr_lo_n_L0
0x050C	0x365D      	RLCF        I2C_LCD_Chr_lo_n_L0, 1 
0x050E	0x905D      	BCF         I2C_LCD_Chr_lo_n_L0, 0 
0x0510	0x365D      	RLCF        I2C_LCD_Chr_lo_n_L0, 1 
0x0512	0x905D      	BCF         I2C_LCD_Chr_lo_n_L0, 0 
0x0514	0x365D      	RLCF        I2C_LCD_Chr_lo_n_L0, 1 
0x0516	0x905D      	BCF         I2C_LCD_Chr_lo_n_L0, 0 
0x0518	0x365D      	RLCF        I2C_LCD_Chr_lo_n_L0, 1 
0x051A	0x905D      	BCF         I2C_LCD_Chr_lo_n_L0, 0 
0x051C	0x0EF0      	MOVLW       240
0x051E	0x165D      	ANDWF       I2C_LCD_Chr_lo_n_L0, 1 
;lcd_i2c.h,58 :: 		Soft_I2C_Start();
0x0520	0xDEDE      	RCALL       _Soft_I2C_Start
;lcd_i2c.h,60 :: 		Soft_I2C_Write(LCD_ADDR);
0x0522	0x0E7E      	MOVLW       126
0x0524	0x0100      	MOVLB       0
0x0526	0x6F69      	MOVWF       FARG_Soft_I2C_Write_data_, 1
0x0528	0xDE79      	RCALL       _Soft_I2C_Write
;lcd_i2c.h,62 :: 		Soft_I2C_Write(hi_n | rs | 0x04 | 0x08);
0x052A	0x505E      	MOVF        I2C_LCD_Chr_rs_L0, 0 
0x052C	0x105C      	IORWF       I2C_LCD_Chr_hi_n_L0, 0 
0x052E	0x6F69      	MOVWF       FARG_Soft_I2C_Write_data_, 1
0x0530	0x8569      	BSF         FARG_Soft_I2C_Write_data_, 2, 1
0x0532	0x8769      	BSF         FARG_Soft_I2C_Write_data_, 3, 1
0x0534	0xDE73      	RCALL       _Soft_I2C_Write
;lcd_i2c.h,64 :: 		Delay_us(50);
0x0536	0x0E02      	MOVLW       2
0x0538	0x6E0C      	MOVWF       R12, 0
0x053A	0x0E4B      	MOVLW       75
0x053C	0x6E0D      	MOVWF       R13, 0
L_I2C_LCD_Chr10:
0x053E	0x2E0D      	DECFSZ      R13, 1, 0
0x0540	0xD7FE      	BRA         L_I2C_LCD_Chr10
0x0542	0x2E0C      	DECFSZ      R12, 1, 0
0x0544	0xD7FC      	BRA         L_I2C_LCD_Chr10
;lcd_i2c.h,65 :: 		Soft_I2C_Write(hi_n | rs | 0x00 | 0x08);
0x0546	0x505E      	MOVF        I2C_LCD_Chr_rs_L0, 0 
0x0548	0x105C      	IORWF       I2C_LCD_Chr_hi_n_L0, 0 
0x054A	0x6F69      	MOVWF       FARG_Soft_I2C_Write_data_, 1
0x054C	0x8769      	BSF         FARG_Soft_I2C_Write_data_, 3, 1
0x054E	0xDE66      	RCALL       _Soft_I2C_Write
;lcd_i2c.h,67 :: 		Delay_us(100);
0x0550	0x0E03      	MOVLW       3
0x0552	0x6E0C      	MOVWF       R12, 0
0x0554	0x0E97      	MOVLW       151
0x0556	0x6E0D      	MOVWF       R13, 0
L_I2C_LCD_Chr11:
0x0558	0x2E0D      	DECFSZ      R13, 1, 0
0x055A	0xD7FE      	BRA         L_I2C_LCD_Chr11
0x055C	0x2E0C      	DECFSZ      R12, 1, 0
0x055E	0xD7FC      	BRA         L_I2C_LCD_Chr11
0x0560	0x0000      	NOP
0x0562	0x0000      	NOP
;lcd_i2c.h,68 :: 		Soft_I2C_Write(lo_n | rs | 0x04 | 0x08);
0x0564	0x505E      	MOVF        I2C_LCD_Chr_rs_L0, 0 
0x0566	0x105D      	IORWF       I2C_LCD_Chr_lo_n_L0, 0 
0x0568	0x6F69      	MOVWF       FARG_Soft_I2C_Write_data_, 1
0x056A	0x8569      	BSF         FARG_Soft_I2C_Write_data_, 2, 1
0x056C	0x8769      	BSF         FARG_Soft_I2C_Write_data_, 3, 1
0x056E	0xDE56      	RCALL       _Soft_I2C_Write
;lcd_i2c.h,70 :: 		Delay_us(50);
0x0570	0x0E02      	MOVLW       2
0x0572	0x6E0C      	MOVWF       R12, 0
0x0574	0x0E4B      	MOVLW       75
0x0576	0x6E0D      	MOVWF       R13, 0
L_I2C_LCD_Chr12:
0x0578	0x2E0D      	DECFSZ      R13, 1, 0
0x057A	0xD7FE      	BRA         L_I2C_LCD_Chr12
0x057C	0x2E0C      	DECFSZ      R12, 1, 0
0x057E	0xD7FC      	BRA         L_I2C_LCD_Chr12
;lcd_i2c.h,71 :: 		Soft_I2C_Write(lo_n | rs | 0x00 | 0x08);
0x0580	0x505E      	MOVF        I2C_LCD_Chr_rs_L0, 0 
0x0582	0x105D      	IORWF       I2C_LCD_Chr_lo_n_L0, 0 
0x0584	0x6F69      	MOVWF       FARG_Soft_I2C_Write_data_, 1
0x0586	0x8769      	BSF         FARG_Soft_I2C_Write_data_, 3, 1
0x0588	0xDE49      	RCALL       _Soft_I2C_Write
;lcd_i2c.h,73 :: 		Soft_I2C_Stop();
0x058A	0xDEB6      	RCALL       _Soft_I2C_Stop
;lcd_i2c.h,74 :: 		}
L_end_I2C_LCD_Chr:
0x058C	0x0012      	RETURN      0
; end of _I2C_LCD_Chr
__Lib_Mmc_Mmc_UnIdle:
;__Lib_Mmc.c,98 :: 		
;__Lib_Mmc.c,102 :: 		
0x058E	0x6A5A      	CLRF        __Lib_Mmc_Mmc_UnIdle_cnt_L0 
0x0590	0x6A5B      	CLRF        __Lib_Mmc_Mmc_UnIdle_cnt_L0+1 
L___Lib_Mmc_Mmc_UnIdle5:
0x0592	0x0E27      	MOVLW       39
0x0594	0x5C5B      	SUBWF       __Lib_Mmc_Mmc_UnIdle_cnt_L0+1, 0 
0x0596	0xE102      	BNZ         L___Lib_Mmc_Mmc_UnIdle82
0x0598	0x0E10      	MOVLW       16
0x059A	0x5C5A      	SUBWF       __Lib_Mmc_Mmc_UnIdle_cnt_L0, 0 
L___Lib_Mmc_Mmc_UnIdle82:
0x059C	0xB0D8      	BTFSC       STATUS, 0 
0x059E	0xD09A      	BRA         L___Lib_Mmc_Mmc_UnIdle6
;__Lib_Mmc.c,103 :: 		
0x05A0	0x0E00      	MOVLW       0
0x05A2	0x0A00      	XORLW       0
0x05A4	0xE102      	BNZ         L___Lib_Mmc_Mmc_UnIdle83
0x05A6	0x0E00      	MOVLW       0
0x05A8	0x1859      	XORWF       FARG___Lib_Mmc_Mmc_UnIdle_ctype, 0 
L___Lib_Mmc_Mmc_UnIdle83:
0x05AA	0xE115      	BNZ         L___Lib_Mmc_Mmc_UnIdle8
;__Lib_Mmc.c,104 :: 		
0x05AC	0xDEBD      	RCALL       __Lib_Mmc_Mmc_Select
;__Lib_Mmc.c,106 :: 		
0x05AE	0x0E01      	MOVLW       1
0x05B0	0x0100      	MOVLB       0
0x05B2	0x6F61      	MOVWF       FARG___Lib_Mmc_Mmc_Send_Command_partial_cmm, 1
0x05B4	0x6B62      	CLRF        FARG___Lib_Mmc_Mmc_Send_Command_content, 1
0x05B6	0x6B63      	CLRF        FARG___Lib_Mmc_Mmc_Send_Command_content+1, 1
0x05B8	0x6B64      	CLRF        FARG___Lib_Mmc_Mmc_Send_Command_content+2, 1
0x05BA	0x6B65      	CLRF        FARG___Lib_Mmc_Mmc_Send_Command_content+3, 1
0x05BC	0x0EFF      	MOVLW       255
0x05BE	0x6F66      	MOVWF       FARG___Lib_Mmc_Mmc_Send_Command_crc, 1
0x05C0	0xDEC2      	RCALL       __Lib_Mmc_Mmc_Send_Command
0x05C2	0xF05CC000  	MOVFF       R0, __Lib_Mmc_Mmc_UnIdle_response_L0
;__Lib_Mmc.c,107 :: 		
0x05C6	0xDEB2      	RCALL       __Lib_Mmc_Mmc_DeSelect
;__Lib_Mmc.c,108 :: 		
0x05C8	0x505C      	MOVF        __Lib_Mmc_Mmc_UnIdle_response_L0, 0 
0x05CA	0x0A00      	XORLW       0
0x05CC	0xE103      	BNZ         L___Lib_Mmc_Mmc_UnIdle9
;__Lib_Mmc.c,110 :: 		
0x05CE	0x6A15      	CLRF        __Lib_Mmc_cardType 
;__Lib_Mmc.c,111 :: 		
0x05D0	0x6A00      	CLRF        R0 
0x05D2	0xD082      	BRA         L_end_Mmc_UnIdle
;__Lib_Mmc.c,112 :: 		
L___Lib_Mmc_Mmc_UnIdle9:
;__Lib_Mmc.c,113 :: 		
0x05D4	0xD07C      	BRA         L___Lib_Mmc_Mmc_UnIdle10
L___Lib_Mmc_Mmc_UnIdle8:
;__Lib_Mmc.c,115 :: 		
0x05D6	0xDEA8      	RCALL       __Lib_Mmc_Mmc_Select
;__Lib_Mmc.c,118 :: 		
0x05D8	0x0E37      	MOVLW       55
0x05DA	0x0100      	MOVLB       0
0x05DC	0x6F61      	MOVWF       FARG___Lib_Mmc_Mmc_Send_Command_partial_cmm, 1
0x05DE	0x6B62      	CLRF        FARG___Lib_Mmc_Mmc_Send_Command_content, 1
0x05E0	0x6B63      	CLRF        FARG___Lib_Mmc_Mmc_Send_Command_content+1, 1
0x05E2	0x6B64      	CLRF        FARG___Lib_Mmc_Mmc_Send_Command_content+2, 1
0x05E4	0x6B65      	CLRF        FARG___Lib_Mmc_Mmc_Send_Command_content+3, 1
0x05E6	0x0EFF      	MOVLW       255
0x05E8	0x6F66      	MOVWF       FARG___Lib_Mmc_Mmc_Send_Command_crc, 1
0x05EA	0xDEAD      	RCALL       __Lib_Mmc_Mmc_Send_Command
0x05EC	0xF05CC000  	MOVFF       R0, __Lib_Mmc_Mmc_UnIdle_response_L0
;__Lib_Mmc.c,119 :: 		
0x05F0	0xDE9D      	RCALL       __Lib_Mmc_Mmc_DeSelect
;__Lib_Mmc.c,120 :: 		
0x05F2	0x505C      	MOVF        __Lib_Mmc_Mmc_UnIdle_response_L0, 0 
0x05F4	0x0A01      	XORLW       1
0x05F6	0xA4D8      	BTFSS       STATUS, 2 
0x05F8	0xD069      	BRA         L___Lib_Mmc_Mmc_UnIdle11
;__Lib_Mmc.c,122 :: 		
0x05FA	0xDE96      	RCALL       __Lib_Mmc_Mmc_Select
;__Lib_Mmc.c,124 :: 		
0x05FC	0x0E29      	MOVLW       41
0x05FE	0x0100      	MOVLB       0
0x0600	0x6F61      	MOVWF       FARG___Lib_Mmc_Mmc_Send_Command_partial_cmm, 1
0x0602	0x0E00      	MOVLW       0
0x0604	0x6F62      	MOVWF       FARG___Lib_Mmc_Mmc_Send_Command_content, 1
0x0606	0x0E00      	MOVLW       0
0x0608	0x6F63      	MOVWF       FARG___Lib_Mmc_Mmc_Send_Command_content+1, 1
0x060A	0x0E00      	MOVLW       0
0x060C	0x6F64      	MOVWF       FARG___Lib_Mmc_Mmc_Send_Command_content+2, 1
0x060E	0x0E40      	MOVLW       64
0x0610	0x6F65      	MOVWF       FARG___Lib_Mmc_Mmc_Send_Command_content+3, 1
0x0612	0x0EFF      	MOVLW       255
0x0614	0x6F66      	MOVWF       FARG___Lib_Mmc_Mmc_Send_Command_crc, 1
0x0616	0xDE97      	RCALL       __Lib_Mmc_Mmc_Send_Command
0x0618	0xF05CC000  	MOVFF       R0, __Lib_Mmc_Mmc_UnIdle_response_L0
;__Lib_Mmc.c,125 :: 		
0x061C	0xDE87      	RCALL       __Lib_Mmc_Mmc_DeSelect
;__Lib_Mmc.c,126 :: 		
0x061E	0x505C      	MOVF        __Lib_Mmc_Mmc_UnIdle_response_L0, 0 
0x0620	0x0A00      	XORLW       0
0x0622	0xE153      	BNZ         L___Lib_Mmc_Mmc_UnIdle12
;__Lib_Mmc.c,127 :: 		
0x0624	0x0E00      	MOVLW       0
0x0626	0x0A00      	XORLW       0
0x0628	0xE102      	BNZ         L___Lib_Mmc_Mmc_UnIdle84
0x062A	0x0E02      	MOVLW       2
0x062C	0x1859      	XORWF       FARG___Lib_Mmc_Mmc_UnIdle_ctype, 0 
L___Lib_Mmc_Mmc_UnIdle84:
0x062E	0xE149      	BNZ         L___Lib_Mmc_Mmc_UnIdle13
;__Lib_Mmc.c,128 :: 		
0x0630	0xDE7B      	RCALL       __Lib_Mmc_Mmc_Select
;__Lib_Mmc.c,129 :: 		
0x0632	0x0E3A      	MOVLW       58
0x0634	0x0100      	MOVLB       0
0x0636	0x6F61      	MOVWF       FARG___Lib_Mmc_Mmc_Send_Command_partial_cmm, 1
0x0638	0x6B62      	CLRF        FARG___Lib_Mmc_Mmc_Send_Command_content, 1
0x063A	0x6B63      	CLRF        FARG___Lib_Mmc_Mmc_Send_Command_content+1, 1
0x063C	0x6B64      	CLRF        FARG___Lib_Mmc_Mmc_Send_Command_content+2, 1
0x063E	0x6B65      	CLRF        FARG___Lib_Mmc_Mmc_Send_Command_content+3, 1
0x0640	0x0EFF      	MOVLW       255
0x0642	0x6F66      	MOVWF       FARG___Lib_Mmc_Mmc_Send_Command_crc, 1
0x0644	0xDE80      	RCALL       __Lib_Mmc_Mmc_Send_Command
0x0646	0xF05CC000  	MOVFF       R0, __Lib_Mmc_Mmc_UnIdle_response_L0
;__Lib_Mmc.c,130 :: 		
0x064A	0xFFE1C052  	MOVFF       _SPI_Rd_Ptr+2, FSR1L
0x064E	0xFFE2C053  	MOVFF       _SPI_Rd_Ptr+3, FSR1H
0x0652	0x0EFF      	MOVLW       255
0x0654	0x6EE6      	MOVWF       POSTINC1 
0x0656	0xF000C050  	MOVFF       _SPI_Rd_Ptr, R0
0x065A	0xF001C051  	MOVFF       _SPI_Rd_Ptr+1, R1
0x065E	0xDCEE      	RCALL       _____DoIFC
0x0660	0xF05DC000  	MOVFF       R0, __Lib_Mmc_Mmc_UnIdle_response2_L0
;__Lib_Mmc.c,131 :: 		
0x0664	0xFFE1C052  	MOVFF       _SPI_Rd_Ptr+2, FSR1L
0x0668	0xFFE2C053  	MOVFF       _SPI_Rd_Ptr+3, FSR1H
0x066C	0x0EFF      	MOVLW       255
0x066E	0x6EE6      	MOVWF       POSTINC1 
0x0670	0xF000C050  	MOVFF       _SPI_Rd_Ptr, R0
0x0674	0xF001C051  	MOVFF       _SPI_Rd_Ptr+1, R1
0x0678	0xDCE1      	RCALL       _____DoIFC
;__Lib_Mmc.c,132 :: 		
0x067A	0xFFE1C052  	MOVFF       _SPI_Rd_Ptr+2, FSR1L
0x067E	0xFFE2C053  	MOVFF       _SPI_Rd_Ptr+3, FSR1H
0x0682	0x0EFF      	MOVLW       255
0x0684	0x6EE6      	MOVWF       POSTINC1 
0x0686	0xF000C050  	MOVFF       _SPI_Rd_Ptr, R0
0x068A	0xF001C051  	MOVFF       _SPI_Rd_Ptr+1, R1
0x068E	0xDCD6      	RCALL       _____DoIFC
;__Lib_Mmc.c,133 :: 		
0x0690	0xFFE1C052  	MOVFF       _SPI_Rd_Ptr+2, FSR1L
0x0694	0xFFE2C053  	MOVFF       _SPI_Rd_Ptr+3, FSR1H
0x0698	0x0EFF      	MOVLW       255
0x069A	0x6EE6      	MOVWF       POSTINC1 
0x069C	0xF000C050  	MOVFF       _SPI_Rd_Ptr, R0
0x06A0	0xF001C051  	MOVFF       _SPI_Rd_Ptr+1, R1
0x06A4	0xDCCB      	RCALL       _____DoIFC
;__Lib_Mmc.c,134 :: 		
0x06A6	0xDE42      	RCALL       __Lib_Mmc_Mmc_DeSelect
;__Lib_Mmc.c,135 :: 		
0x06A8	0x505C      	MOVF        __Lib_Mmc_Mmc_UnIdle_response_L0, 0 
0x06AA	0x0A00      	XORLW       0
0x06AC	0xE109      	BNZ         L___Lib_Mmc_Mmc_UnIdle14
;__Lib_Mmc.c,136 :: 		
0x06AE	0xAC5D      	BTFSS       __Lib_Mmc_Mmc_UnIdle_response2_L0, 6 
0x06B0	0xD003      	BRA         L___Lib_Mmc_Mmc_UnIdle15
;__Lib_Mmc.c,138 :: 		
0x06B2	0x0E04      	MOVLW       4
0x06B4	0x6E15      	MOVWF       __Lib_Mmc_cardType 
0x06B6	0xD002      	BRA         L___Lib_Mmc_Mmc_UnIdle16
L___Lib_Mmc_Mmc_UnIdle15:
;__Lib_Mmc.c,141 :: 		
0x06B8	0x0E03      	MOVLW       3
0x06BA	0x6E15      	MOVWF       __Lib_Mmc_cardType 
L___Lib_Mmc_Mmc_UnIdle16:
;__Lib_Mmc.c,142 :: 		
0x06BC	0x6A00      	CLRF        R0 
0x06BE	0xD00C      	BRA         L_end_Mmc_UnIdle
;__Lib_Mmc.c,143 :: 		
L___Lib_Mmc_Mmc_UnIdle14:
;__Lib_Mmc.c,144 :: 		
0x06C0	0xD004      	BRA         L___Lib_Mmc_Mmc_UnIdle17
L___Lib_Mmc_Mmc_UnIdle13:
;__Lib_Mmc.c,146 :: 		
0x06C2	0x0E01      	MOVLW       1
0x06C4	0x6E15      	MOVWF       __Lib_Mmc_cardType 
;__Lib_Mmc.c,147 :: 		
0x06C6	0x6A00      	CLRF        R0 
0x06C8	0xD007      	BRA         L_end_Mmc_UnIdle
;__Lib_Mmc.c,148 :: 		
L___Lib_Mmc_Mmc_UnIdle17:
;__Lib_Mmc.c,149 :: 		
L___Lib_Mmc_Mmc_UnIdle12:
;__Lib_Mmc.c,150 :: 		
0x06CA	0xD001      	BRA         L___Lib_Mmc_Mmc_UnIdle18
L___Lib_Mmc_Mmc_UnIdle11:
;__Lib_Mmc.c,153 :: 		
0x06CC	0xD003      	BRA         L___Lib_Mmc_Mmc_UnIdle6
;__Lib_Mmc.c,154 :: 		
L___Lib_Mmc_Mmc_UnIdle18:
;__Lib_Mmc.c,155 :: 		
L___Lib_Mmc_Mmc_UnIdle10:
;__Lib_Mmc.c,102 :: 		
0x06CE	0x4A5A      	INFSNZ      __Lib_Mmc_Mmc_UnIdle_cnt_L0, 1 
0x06D0	0x2A5B      	INCF        __Lib_Mmc_Mmc_UnIdle_cnt_L0+1, 1 
;__Lib_Mmc.c,156 :: 		
0x06D2	0xD75F      	BRA         L___Lib_Mmc_Mmc_UnIdle5
L___Lib_Mmc_Mmc_UnIdle6:
;__Lib_Mmc.c,157 :: 		
0x06D4	0x0E01      	MOVLW       1
0x06D6	0x6E00      	MOVWF       R0 
;__Lib_Mmc.c,158 :: 		
L_end_Mmc_UnIdle:
0x06D8	0x0012      	RETURN      0
; end of __Lib_Mmc_Mmc_UnIdle
_SPI1_Init:
;__Lib_SPI_b10c7.c,23 :: 		
;__Lib_SPI_b10c7.c,24 :: 		
0x06DA	0x0E0A      	MOVLW       _SPI1_Read
0x06DC	0x6E50      	MOVWF       _SPI_Rd_Ptr 
0x06DE	0x0E02      	MOVLW       hi_addr(_SPI1_Read)
0x06E0	0x6E51      	MOVWF       _SPI_Rd_Ptr+1 
0x06E2	0x0E6E      	MOVLW       FARG_SPI1_Read_buffer
0x06E4	0x6E52      	MOVWF       _SPI_Rd_Ptr+2 
0x06E6	0x0E00      	MOVLW       hi_addr(FARG_SPI1_Read_buffer)
0x06E8	0x6E53      	MOVWF       _SPI_Rd_Ptr+3 
;__Lib_SPI_b10c7.c,25 :: 		
0x06EA	0x0E2A      	MOVLW       _SPI1_Write
0x06EC	0x6E4C      	MOVWF       _SPI_Wr_Ptr 
0x06EE	0x0E00      	MOVLW       hi_addr(_SPI1_Write)
0x06F0	0x6E4D      	MOVWF       _SPI_Wr_Ptr+1 
0x06F2	0x0E74      	MOVLW       FARG_SPI1_Write_data_
0x06F4	0x6E4E      	MOVWF       _SPI_Wr_Ptr+2 
0x06F6	0x0E00      	MOVLW       hi_addr(FARG_SPI1_Write_data_)
0x06F8	0x6E4F      	MOVWF       _SPI_Wr_Ptr+3 
;__Lib_SPI_b10c7.c,27 :: 		
0x06FA	0x9E94      	BCF         TRISC7_bit, BitPos(TRISC7_bit+0) 
;__Lib_SPI_b10c7.c,28 :: 		
0x06FC	0x9293      	BCF         TRISB1_bit, BitPos(TRISB1_bit+0) 
;__Lib_SPI_b10c7.c,29 :: 		
0x06FE	0x8093      	BSF         TRISB0_bit, BitPos(TRISB0_bit+0) 
;__Lib_SPI_b10c7.c,31 :: 		
0x0700	0x6AC6      	CLRF        SSPCON1 
;__Lib_SPI_b10c7.c,32 :: 		
0x0702	0x0E40      	MOVLW       64
0x0704	0x6EC7      	MOVWF       SSPSTAT 
;__Lib_SPI_b10c7.c,33 :: 		
0x0706	0x8AC6      	BSF         SSPCON1, 5 
;__Lib_SPI_b10c7.c,35 :: 		
L_end_SPI1_Init:
0x0708	0x0012      	RETURN      0
; end of _SPI1_Init
_I2C_LCD_Init:
;lcd_i2c.h,103 :: 		void I2C_LCD_Init() {
;lcd_i2c.h,105 :: 		char rs = 0x00;
0x070A	0x6A55      	CLRF        I2C_LCD_Init_rs_L0 
;lcd_i2c.h,107 :: 		Soft_I2C_Start();
0x070C	0xDDE8      	RCALL       _Soft_I2C_Start
;lcd_i2c.h,109 :: 		Soft_I2C_Write(LCD_ADDR);
0x070E	0x0E7E      	MOVLW       126
0x0710	0x0100      	MOVLB       0
0x0712	0x6F69      	MOVWF       FARG_Soft_I2C_Write_data_, 1
0x0714	0xDD83      	RCALL       _Soft_I2C_Write
;lcd_i2c.h,112 :: 		Delay_ms(30);
0x0716	0x0E04      	MOVLW       4
0x0718	0x6E0B      	MOVWF       R11, 0
0x071A	0x0E0C      	MOVLW       12
0x071C	0x6E0C      	MOVWF       R12, 0
0x071E	0x0E33      	MOVLW       51
0x0720	0x6E0D      	MOVWF       R13, 0
L_I2C_LCD_Init16:
0x0722	0x2E0D      	DECFSZ      R13, 1, 0
0x0724	0xD7FE      	BRA         L_I2C_LCD_Init16
0x0726	0x2E0C      	DECFSZ      R12, 1, 0
0x0728	0xD7FC      	BRA         L_I2C_LCD_Init16
0x072A	0x2E0B      	DECFSZ      R11, 1, 0
0x072C	0xD7FA      	BRA         L_I2C_LCD_Init16
0x072E	0x0000      	NOP
0x0730	0x0000      	NOP
;lcd_i2c.h,114 :: 		Soft_I2C_Write(0x30 | rs | 0x04 | 0x08);
0x0732	0x0E30      	MOVLW       48
0x0734	0x1055      	IORWF       I2C_LCD_Init_rs_L0, 0 
0x0736	0x6F69      	MOVWF       FARG_Soft_I2C_Write_data_, 1
0x0738	0x8569      	BSF         FARG_Soft_I2C_Write_data_, 2, 1
0x073A	0x8769      	BSF         FARG_Soft_I2C_Write_data_, 3, 1
0x073C	0xDD6F      	RCALL       _Soft_I2C_Write
;lcd_i2c.h,116 :: 		Delay_us(50);
0x073E	0x0E02      	MOVLW       2
0x0740	0x6E0C      	MOVWF       R12, 0
0x0742	0x0E4B      	MOVLW       75
0x0744	0x6E0D      	MOVWF       R13, 0
L_I2C_LCD_Init17:
0x0746	0x2E0D      	DECFSZ      R13, 1, 0
0x0748	0xD7FE      	BRA         L_I2C_LCD_Init17
0x074A	0x2E0C      	DECFSZ      R12, 1, 0
0x074C	0xD7FC      	BRA         L_I2C_LCD_Init17
;lcd_i2c.h,117 :: 		Soft_I2C_Write(0x30 | rs | 0x00 | 0x08);
0x074E	0x0E30      	MOVLW       48
0x0750	0x1055      	IORWF       I2C_LCD_Init_rs_L0, 0 
0x0752	0x6F69      	MOVWF       FARG_Soft_I2C_Write_data_, 1
0x0754	0x8769      	BSF         FARG_Soft_I2C_Write_data_, 3, 1
0x0756	0xDD62      	RCALL       _Soft_I2C_Write
;lcd_i2c.h,120 :: 		Delay_ms(10);
0x0758	0x0E02      	MOVLW       2
0x075A	0x6E0B      	MOVWF       R11, 0
0x075C	0x0E04      	MOVLW       4
0x075E	0x6E0C      	MOVWF       R12, 0
0x0760	0x0EBA      	MOVLW       186
0x0762	0x6E0D      	MOVWF       R13, 0
L_I2C_LCD_Init18:
0x0764	0x2E0D      	DECFSZ      R13, 1, 0
0x0766	0xD7FE      	BRA         L_I2C_LCD_Init18
0x0768	0x2E0C      	DECFSZ      R12, 1, 0
0x076A	0xD7FC      	BRA         L_I2C_LCD_Init18
0x076C	0x2E0B      	DECFSZ      R11, 1, 0
0x076E	0xD7FA      	BRA         L_I2C_LCD_Init18
0x0770	0x0000      	NOP
;lcd_i2c.h,122 :: 		Soft_I2C_Write(0x30 | rs | 0x04 | 0x08);
0x0772	0x0E30      	MOVLW       48
0x0774	0x1055      	IORWF       I2C_LCD_Init_rs_L0, 0 
0x0776	0x6F69      	MOVWF       FARG_Soft_I2C_Write_data_, 1
0x0778	0x8569      	BSF         FARG_Soft_I2C_Write_data_, 2, 1
0x077A	0x8769      	BSF         FARG_Soft_I2C_Write_data_, 3, 1
0x077C	0xDD4F      	RCALL       _Soft_I2C_Write
;lcd_i2c.h,124 :: 		Delay_us(50);
0x077E	0x0E02      	MOVLW       2
0x0780	0x6E0C      	MOVWF       R12, 0
0x0782	0x0E4B      	MOVLW       75
0x0784	0x6E0D      	MOVWF       R13, 0
L_I2C_LCD_Init19:
0x0786	0x2E0D      	DECFSZ      R13, 1, 0
0x0788	0xD7FE      	BRA         L_I2C_LCD_Init19
0x078A	0x2E0C      	DECFSZ      R12, 1, 0
0x078C	0xD7FC      	BRA         L_I2C_LCD_Init19
;lcd_i2c.h,125 :: 		Soft_I2C_Write(0x30 | rs | 0x00 | 0x08);
0x078E	0x0E30      	MOVLW       48
0x0790	0x1055      	IORWF       I2C_LCD_Init_rs_L0, 0 
0x0792	0x6F69      	MOVWF       FARG_Soft_I2C_Write_data_, 1
0x0794	0x8769      	BSF         FARG_Soft_I2C_Write_data_, 3, 1
0x0796	0xDD42      	RCALL       _Soft_I2C_Write
;lcd_i2c.h,128 :: 		Delay_ms(10);
0x0798	0x0E02      	MOVLW       2
0x079A	0x6E0B      	MOVWF       R11, 0
0x079C	0x0E04      	MOVLW       4
0x079E	0x6E0C      	MOVWF       R12, 0
0x07A0	0x0EBA      	MOVLW       186
0x07A2	0x6E0D      	MOVWF       R13, 0
L_I2C_LCD_Init20:
0x07A4	0x2E0D      	DECFSZ      R13, 1, 0
0x07A6	0xD7FE      	BRA         L_I2C_LCD_Init20
0x07A8	0x2E0C      	DECFSZ      R12, 1, 0
0x07AA	0xD7FC      	BRA         L_I2C_LCD_Init20
0x07AC	0x2E0B      	DECFSZ      R11, 1, 0
0x07AE	0xD7FA      	BRA         L_I2C_LCD_Init20
0x07B0	0x0000      	NOP
;lcd_i2c.h,130 :: 		Soft_I2C_Write(0x30 | rs | 0x04 | 0x08);
0x07B2	0x0E30      	MOVLW       48
0x07B4	0x1055      	IORWF       I2C_LCD_Init_rs_L0, 0 
0x07B6	0x6F69      	MOVWF       FARG_Soft_I2C_Write_data_, 1
0x07B8	0x8569      	BSF         FARG_Soft_I2C_Write_data_, 2, 1
0x07BA	0x8769      	BSF         FARG_Soft_I2C_Write_data_, 3, 1
0x07BC	0xDD2F      	RCALL       _Soft_I2C_Write
;lcd_i2c.h,132 :: 		Delay_us(50);
0x07BE	0x0E02      	MOVLW       2
0x07C0	0x6E0C      	MOVWF       R12, 0
0x07C2	0x0E4B      	MOVLW       75
0x07C4	0x6E0D      	MOVWF       R13, 0
L_I2C_LCD_Init21:
0x07C6	0x2E0D      	DECFSZ      R13, 1, 0
0x07C8	0xD7FE      	BRA         L_I2C_LCD_Init21
0x07CA	0x2E0C      	DECFSZ      R12, 1, 0
0x07CC	0xD7FC      	BRA         L_I2C_LCD_Init21
;lcd_i2c.h,133 :: 		Soft_I2C_Write(0x30 | rs | 0x00 | 0x08);
0x07CE	0x0E30      	MOVLW       48
0x07D0	0x1055      	IORWF       I2C_LCD_Init_rs_L0, 0 
0x07D2	0x6F69      	MOVWF       FARG_Soft_I2C_Write_data_, 1
0x07D4	0x8769      	BSF         FARG_Soft_I2C_Write_data_, 3, 1
0x07D6	0xDD22      	RCALL       _Soft_I2C_Write
;lcd_i2c.h,136 :: 		Delay_ms(10);
0x07D8	0x0E02      	MOVLW       2
0x07DA	0x6E0B      	MOVWF       R11, 0
0x07DC	0x0E04      	MOVLW       4
0x07DE	0x6E0C      	MOVWF       R12, 0
0x07E0	0x0EBA      	MOVLW       186
0x07E2	0x6E0D      	MOVWF       R13, 0
L_I2C_LCD_Init22:
0x07E4	0x2E0D      	DECFSZ      R13, 1, 0
0x07E6	0xD7FE      	BRA         L_I2C_LCD_Init22
0x07E8	0x2E0C      	DECFSZ      R12, 1, 0
0x07EA	0xD7FC      	BRA         L_I2C_LCD_Init22
0x07EC	0x2E0B      	DECFSZ      R11, 1, 0
0x07EE	0xD7FA      	BRA         L_I2C_LCD_Init22
0x07F0	0x0000      	NOP
;lcd_i2c.h,138 :: 		Soft_I2C_Write(0x20 | rs | 0x04 | 0x08);
0x07F2	0x0E20      	MOVLW       32
0x07F4	0x1055      	IORWF       I2C_LCD_Init_rs_L0, 0 
0x07F6	0x6F69      	MOVWF       FARG_Soft_I2C_Write_data_, 1
0x07F8	0x8569      	BSF         FARG_Soft_I2C_Write_data_, 2, 1
0x07FA	0x8769      	BSF         FARG_Soft_I2C_Write_data_, 3, 1
0x07FC	0xDD0F      	RCALL       _Soft_I2C_Write
;lcd_i2c.h,140 :: 		Delay_us(50);
0x07FE	0x0E02      	MOVLW       2
0x0800	0x6E0C      	MOVWF       R12, 0
0x0802	0x0E4B      	MOVLW       75
0x0804	0x6E0D      	MOVWF       R13, 0
L_I2C_LCD_Init23:
0x0806	0x2E0D      	DECFSZ      R13, 1, 0
0x0808	0xD7FE      	BRA         L_I2C_LCD_Init23
0x080A	0x2E0C      	DECFSZ      R12, 1, 0
0x080C	0xD7FC      	BRA         L_I2C_LCD_Init23
;lcd_i2c.h,141 :: 		Soft_I2C_Write(0x20 | rs | 0x00 | 0x08);
0x080E	0x0E20      	MOVLW       32
0x0810	0x1055      	IORWF       I2C_LCD_Init_rs_L0, 0 
0x0812	0x6F69      	MOVWF       FARG_Soft_I2C_Write_data_, 1
0x0814	0x8769      	BSF         FARG_Soft_I2C_Write_data_, 3, 1
0x0816	0xDD02      	RCALL       _Soft_I2C_Write
;lcd_i2c.h,143 :: 		Soft_I2C_Stop();
0x0818	0xDD6F      	RCALL       _Soft_I2C_Stop
;lcd_i2c.h,145 :: 		Delay_ms(10);
0x081A	0x0E02      	MOVLW       2
0x081C	0x6E0B      	MOVWF       R11, 0
0x081E	0x0E04      	MOVLW       4
0x0820	0x6E0C      	MOVWF       R12, 0
0x0822	0x0EBA      	MOVLW       186
0x0824	0x6E0D      	MOVWF       R13, 0
L_I2C_LCD_Init24:
0x0826	0x2E0D      	DECFSZ      R13, 1, 0
0x0828	0xD7FE      	BRA         L_I2C_LCD_Init24
0x082A	0x2E0C      	DECFSZ      R12, 1, 0
0x082C	0xD7FC      	BRA         L_I2C_LCD_Init24
0x082E	0x2E0B      	DECFSZ      R11, 1, 0
0x0830	0xD7FA      	BRA         L_I2C_LCD_Init24
0x0832	0x0000      	NOP
;lcd_i2c.h,147 :: 		I2C_LCD_Cmd(0x28);
0x0834	0x0E28      	MOVLW       40
0x0836	0x6E5F      	MOVWF       FARG_I2C_LCD_Cmd_out_char 
0x0838	0xDDEF      	RCALL       _I2C_LCD_Cmd
;lcd_i2c.h,148 :: 		I2C_LCD_Cmd(0x06);
0x083A	0x0E06      	MOVLW       6
0x083C	0x6E5F      	MOVWF       FARG_I2C_LCD_Cmd_out_char 
0x083E	0xDDEC      	RCALL       _I2C_LCD_Cmd
;lcd_i2c.h,149 :: 		}
L_end_I2C_LCD_Init:
0x0840	0x0012      	RETURN      0
; end of _I2C_LCD_Init
___CC2DW:
;__Lib_System.c,21 :: 		
;__Lib_System.c,23 :: 		
_CC2DL_Loop1:
;__Lib_System.c,24 :: 		
0x0842	0x0009      	TBLRD*+
;__Lib_System.c,25 :: 		
0x0844	0xFFE6CFF5  	MOVFF       TABLAT, POSTINC1
;__Lib_System.c,26 :: 		
0x0848	0x0600      	DECF        R0, 1, 0
;__Lib_System.c,27 :: 		
0x084A	0xE1FB      	BNZ         _CC2DL_Loop1
;__Lib_System.c,28 :: 		
0x084C	0x0601      	DECF        R1, 1, 0
;__Lib_System.c,29 :: 		
0x084E	0xE1F9      	BNZ         _CC2DL_Loop1
;__Lib_System.c,31 :: 		
L_end___CC2DW:
0x0850	0x0012      	RETURN      0
; end of ___CC2DW
_Mmc_Init:
;__Lib_Mmc.c,164 :: 		
;__Lib_Mmc.c,168 :: 		
0x0852	0x0E05      	MOVLW       5
0x0854	0x6E15      	MOVWF       __Lib_Mmc_cardType 
;__Lib_Mmc.c,170 :: 		
0x0856	0x9493      	BCF         Mmc_Chip_Select_Direction, BitPos(Mmc_Chip_Select_Direction+0) 
;__Lib_Mmc.c,172 :: 		
0x0858	0xDD69      	RCALL       __Lib_Mmc_Mmc_DeSelect
;__Lib_Mmc.c,175 :: 		
0x085A	0x6A55      	CLRF        Mmc_Init_cnt_L0 
0x085C	0x6A56      	CLRF        Mmc_Init_cnt_L0+1 
L_Mmc_Init19:
0x085E	0x0E00      	MOVLW       0
0x0860	0x5C56      	SUBWF       Mmc_Init_cnt_L0+1, 0 
0x0862	0xE102      	BNZ         L__Mmc_Init86
0x0864	0x0E0A      	MOVLW       10
0x0866	0x5C55      	SUBWF       Mmc_Init_cnt_L0, 0 
L__Mmc_Init86:
0x0868	0xE20F      	BC          L_Mmc_Init20
;__Lib_Mmc.c,176 :: 		
0x086A	0xFFE1C052  	MOVFF       _SPI_Rd_Ptr+2, FSR1L
0x086E	0xFFE2C053  	MOVFF       _SPI_Rd_Ptr+3, FSR1H
0x0872	0x0EFF      	MOVLW       255
0x0874	0x6EE6      	MOVWF       POSTINC1 
0x0876	0xF000C050  	MOVFF       _SPI_Rd_Ptr, R0
0x087A	0xF001C051  	MOVFF       _SPI_Rd_Ptr+1, R1
0x087E	0xF000EC1E  	CALL        _____DoIFC, 0
;__Lib_Mmc.c,175 :: 		
0x0882	0x4A55      	INFSNZ      Mmc_Init_cnt_L0, 1 
0x0884	0x2A56      	INCF        Mmc_Init_cnt_L0+1, 1 
;__Lib_Mmc.c,176 :: 		
0x0886	0xD7EB      	BRA         L_Mmc_Init19
L_Mmc_Init20:
;__Lib_Mmc.c,180 :: 		
0x0888	0xDD4F      	RCALL       __Lib_Mmc_Mmc_Select
;__Lib_Mmc.c,182 :: 		
0x088A	0x0100      	MOVLB       0
0x088C	0x6B61      	CLRF        FARG___Lib_Mmc_Mmc_Send_Command_partial_cmm, 1
0x088E	0x6B62      	CLRF        FARG___Lib_Mmc_Mmc_Send_Command_content, 1
0x0890	0x6B63      	CLRF        FARG___Lib_Mmc_Mmc_Send_Command_content+1, 1
0x0892	0x6B64      	CLRF        FARG___Lib_Mmc_Mmc_Send_Command_content+2, 1
0x0894	0x6B65      	CLRF        FARG___Lib_Mmc_Mmc_Send_Command_content+3, 1
0x0896	0x0E95      	MOVLW       149
0x0898	0x6F66      	MOVWF       FARG___Lib_Mmc_Mmc_Send_Command_crc, 1
0x089A	0xDD55      	RCALL       __Lib_Mmc_Mmc_Send_Command
0x089C	0xF057C000  	MOVFF       R0, Mmc_Init_response_L0
;__Lib_Mmc.c,183 :: 		
0x08A0	0xDD45      	RCALL       __Lib_Mmc_Mmc_DeSelect
;__Lib_Mmc.c,186 :: 		
0x08A2	0x5057      	MOVF        Mmc_Init_response_L0, 0 
0x08A4	0x0A01      	XORLW       1
0x08A6	0xE003      	BZ          L_Mmc_Init22
;__Lib_Mmc.c,187 :: 		
0x08A8	0x0E01      	MOVLW       1
0x08AA	0x6E00      	MOVWF       R0 
0x08AC	0xD076      	BRA         L_end_Mmc_Init
L_Mmc_Init22:
;__Lib_Mmc.c,189 :: 		
0x08AE	0xDD3C      	RCALL       __Lib_Mmc_Mmc_Select
;__Lib_Mmc.c,190 :: 		
0x08B0	0x0E08      	MOVLW       8
0x08B2	0x0100      	MOVLB       0
0x08B4	0x6F61      	MOVWF       FARG___Lib_Mmc_Mmc_Send_Command_partial_cmm, 1
0x08B6	0x0EAA      	MOVLW       170
0x08B8	0x6F62      	MOVWF       FARG___Lib_Mmc_Mmc_Send_Command_content, 1
0x08BA	0x0E01      	MOVLW       1
0x08BC	0x6F63      	MOVWF       FARG___Lib_Mmc_Mmc_Send_Command_content+1, 1
0x08BE	0x0E00      	MOVLW       0
0x08C0	0x6F64      	MOVWF       FARG___Lib_Mmc_Mmc_Send_Command_content+2, 1
0x08C2	0x6F65      	MOVWF       FARG___Lib_Mmc_Mmc_Send_Command_content+3, 1
0x08C4	0x0E87      	MOVLW       135
0x08C6	0x6F66      	MOVWF       FARG___Lib_Mmc_Mmc_Send_Command_crc, 1
0x08C8	0xDD3E      	RCALL       __Lib_Mmc_Mmc_Send_Command
0x08CA	0xF057C000  	MOVFF       R0, Mmc_Init_response_L0
;__Lib_Mmc.c,192 :: 		
0x08CE	0xFFE1C052  	MOVFF       _SPI_Rd_Ptr+2, FSR1L
0x08D2	0xFFE2C053  	MOVFF       _SPI_Rd_Ptr+3, FSR1H
0x08D6	0x0EFF      	MOVLW       255
0x08D8	0x6EE6      	MOVWF       POSTINC1 
0x08DA	0xF000C050  	MOVFF       _SPI_Rd_Ptr, R0
0x08DE	0xF001C051  	MOVFF       _SPI_Rd_Ptr+1, R1
0x08E2	0xF000EC1E  	CALL        _____DoIFC, 0
;__Lib_Mmc.c,193 :: 		
0x08E6	0xFFE1C052  	MOVFF       _SPI_Rd_Ptr+2, FSR1L
0x08EA	0xFFE2C053  	MOVFF       _SPI_Rd_Ptr+3, FSR1H
0x08EE	0x0EFF      	MOVLW       255
0x08F0	0x6EE6      	MOVWF       POSTINC1 
0x08F2	0xF000C050  	MOVFF       _SPI_Rd_Ptr, R0
0x08F6	0xF001C051  	MOVFF       _SPI_Rd_Ptr+1, R1
0x08FA	0xF000EC1E  	CALL        _____DoIFC, 0
;__Lib_Mmc.c,194 :: 		
0x08FE	0xFFE1C052  	MOVFF       _SPI_Rd_Ptr+2, FSR1L
0x0902	0xFFE2C053  	MOVFF       _SPI_Rd_Ptr+3, FSR1H
0x0906	0x0EFF      	MOVLW       255
0x0908	0x6EE6      	MOVWF       POSTINC1 
0x090A	0xF000C050  	MOVFF       _SPI_Rd_Ptr, R0
0x090E	0xF001C051  	MOVFF       _SPI_Rd_Ptr+1, R1
0x0912	0xF000EC1E  	CALL        _____DoIFC, 0
;__Lib_Mmc.c,195 :: 		
0x0916	0xFFE1C052  	MOVFF       _SPI_Rd_Ptr+2, FSR1L
0x091A	0xFFE2C053  	MOVFF       _SPI_Rd_Ptr+3, FSR1H
0x091E	0x0EFF      	MOVLW       255
0x0920	0x6EE6      	MOVWF       POSTINC1 
0x0922	0xF000C050  	MOVFF       _SPI_Rd_Ptr, R0
0x0926	0xF001C051  	MOVFF       _SPI_Rd_Ptr+1, R1
0x092A	0xF000EC1E  	CALL        _____DoIFC, 0
;__Lib_Mmc.c,196 :: 		
0x092E	0xDCFE      	RCALL       __Lib_Mmc_Mmc_DeSelect
;__Lib_Mmc.c,199 :: 		
0x0930	0x5057      	MOVF        Mmc_Init_response_L0, 0 
0x0932	0x0A01      	XORLW       1
0x0934	0xE008      	BZ          L_Mmc_Init23
;__Lib_Mmc.c,201 :: 		
0x0936	0x0E01      	MOVLW       1
0x0938	0x6E59      	MOVWF       FARG___Lib_Mmc_Mmc_UnIdle_ctype 
0x093A	0xDE29      	RCALL       __Lib_Mmc_Mmc_UnIdle
0x093C	0x5200      	MOVF        R0, 1 
0x093E	0xE002      	BZ          L_Mmc_Init24
;__Lib_Mmc.c,202 :: 		
0x0940	0x6A59      	CLRF        FARG___Lib_Mmc_Mmc_UnIdle_ctype 
0x0942	0xDE25      	RCALL       __Lib_Mmc_Mmc_UnIdle
L_Mmc_Init24:
;__Lib_Mmc.c,203 :: 		
0x0944	0xD003      	BRA         L_Mmc_Init25
L_Mmc_Init23:
;__Lib_Mmc.c,206 :: 		
0x0946	0x0E02      	MOVLW       2
0x0948	0x6E59      	MOVWF       FARG___Lib_Mmc_Mmc_UnIdle_ctype 
0x094A	0xDE21      	RCALL       __Lib_Mmc_Mmc_UnIdle
;__Lib_Mmc.c,207 :: 		
L_Mmc_Init25:
;__Lib_Mmc.c,210 :: 		
0x094C	0x0E00      	MOVLW       0
0x094E	0x0A00      	XORLW       0
0x0950	0xE102      	BNZ         L__Mmc_Init87
0x0952	0x0E05      	MOVLW       5
0x0954	0x1815      	XORWF       __Lib_Mmc_cardType, 0 
L__Mmc_Init87:
0x0956	0xE103      	BNZ         L_Mmc_Init26
;__Lib_Mmc.c,211 :: 		
0x0958	0x0E02      	MOVLW       2
0x095A	0x6E00      	MOVWF       R0 
0x095C	0xD01E      	BRA         L_end_Mmc_Init
L_Mmc_Init26:
;__Lib_Mmc.c,213 :: 		
0x095E	0x0E00      	MOVLW       0
0x0960	0x0A00      	XORLW       0
0x0962	0xE102      	BNZ         L__Mmc_Init88
0x0964	0x0E04      	MOVLW       4
0x0966	0x1815      	XORWF       __Lib_Mmc_cardType, 0 
L__Mmc_Init88:
0x0968	0xE017      	BZ          L_Mmc_Init27
;__Lib_Mmc.c,215 :: 		
0x096A	0xDCDE      	RCALL       __Lib_Mmc_Mmc_Select
;__Lib_Mmc.c,217 :: 		
0x096C	0x0E10      	MOVLW       16
0x096E	0x0100      	MOVLB       0
0x0970	0x6F61      	MOVWF       FARG___Lib_Mmc_Mmc_Send_Command_partial_cmm, 1
0x0972	0x0E00      	MOVLW       0
0x0974	0x6F62      	MOVWF       FARG___Lib_Mmc_Mmc_Send_Command_content, 1
0x0976	0x0E02      	MOVLW       2
0x0978	0x6F63      	MOVWF       FARG___Lib_Mmc_Mmc_Send_Command_content+1, 1
0x097A	0x0E00      	MOVLW       0
0x097C	0x6F64      	MOVWF       FARG___Lib_Mmc_Mmc_Send_Command_content+2, 1
0x097E	0x6F65      	MOVWF       FARG___Lib_Mmc_Mmc_Send_Command_content+3, 1
0x0980	0x0EFF      	MOVLW       255
0x0982	0x6F66      	MOVWF       FARG___Lib_Mmc_Mmc_Send_Command_crc, 1
0x0984	0xDCE0      	RCALL       __Lib_Mmc_Mmc_Send_Command
0x0986	0xF057C000  	MOVFF       R0, Mmc_Init_response_L0
;__Lib_Mmc.c,218 :: 		
0x098A	0xDCD0      	RCALL       __Lib_Mmc_Mmc_DeSelect
;__Lib_Mmc.c,220 :: 		
0x098C	0x5057      	MOVF        Mmc_Init_response_L0, 0 
0x098E	0x0A00      	XORLW       0
0x0990	0xE003      	BZ          L_Mmc_Init28
;__Lib_Mmc.c,221 :: 		
0x0992	0x0E03      	MOVLW       3
0x0994	0x6E00      	MOVWF       R0 
0x0996	0xD001      	BRA         L_end_Mmc_Init
L_Mmc_Init28:
;__Lib_Mmc.c,222 :: 		
L_Mmc_Init27:
;__Lib_Mmc.c,224 :: 		
0x0998	0x6A00      	CLRF        R0 
;__Lib_Mmc.c,225 :: 		
L_end_Mmc_Init:
0x099A	0x0012      	RETURN      0
; end of _Mmc_Init
_I2C_LCD_Out:
;lcd_i2c.h,151 :: 		void I2C_LCD_Out(char row, char col, char *text) {
;lcd_i2c.h,152 :: 		while(*text)
L_I2C_LCD_Out25:
0x099C	0xFFE9C057  	MOVFF       FARG_I2C_LCD_Out_text, FSR0L
0x09A0	0xFFEAC058  	MOVFF       FARG_I2C_LCD_Out_text+1, FSR0H
0x09A4	0x52EE      	MOVF        POSTINC0, 1 
0x09A6	0xE00F      	BZ          L_I2C_LCD_Out26
;lcd_i2c.h,153 :: 		I2C_LCD_Chr(row, col++, *text++);
0x09A8	0xF059C055  	MOVFF       FARG_I2C_LCD_Out_row, FARG_I2C_LCD_Chr_row
0x09AC	0xF05AC056  	MOVFF       FARG_I2C_LCD_Out_col, FARG_I2C_LCD_Chr_column
0x09B0	0xFFE9C057  	MOVFF       FARG_I2C_LCD_Out_text, FSR0L
0x09B4	0xFFEAC058  	MOVFF       FARG_I2C_LCD_Out_text+1, FSR0H
0x09B8	0xF05BCFEE  	MOVFF       POSTINC0, FARG_I2C_LCD_Chr_out_char
0x09BC	0xDD77      	RCALL       _I2C_LCD_Chr
0x09BE	0x2A56      	INCF        FARG_I2C_LCD_Out_col, 1 
0x09C0	0x4A57      	INFSNZ      FARG_I2C_LCD_Out_text, 1 
0x09C2	0x2A58      	INCF        FARG_I2C_LCD_Out_text+1, 1 
0x09C4	0xD7EB      	BRA         L_I2C_LCD_Out25
L_I2C_LCD_Out26:
;lcd_i2c.h,154 :: 		}
L_end_I2C_LCD_Out:
0x09C6	0x0012      	RETURN      0
; end of _I2C_LCD_Out
_SPI1_Init_Advanced:
;__Lib_SPI_b10c7.c,39 :: 		
;__Lib_SPI_b10c7.c,40 :: 		
0x09C8	0x0E0A      	MOVLW       _SPI1_Read
0x09CA	0x6E50      	MOVWF       _SPI_Rd_Ptr 
0x09CC	0x0E02      	MOVLW       hi_addr(_SPI1_Read)
0x09CE	0x6E51      	MOVWF       _SPI_Rd_Ptr+1 
0x09D0	0x0E6E      	MOVLW       FARG_SPI1_Read_buffer
0x09D2	0x6E52      	MOVWF       _SPI_Rd_Ptr+2 
0x09D4	0x0E00      	MOVLW       hi_addr(FARG_SPI1_Read_buffer)
0x09D6	0x6E53      	MOVWF       _SPI_Rd_Ptr+3 
;__Lib_SPI_b10c7.c,41 :: 		
0x09D8	0x0E2A      	MOVLW       _SPI1_Write
0x09DA	0x6E4C      	MOVWF       _SPI_Wr_Ptr 
0x09DC	0x0E00      	MOVLW       hi_addr(_SPI1_Write)
0x09DE	0x6E4D      	MOVWF       _SPI_Wr_Ptr+1 
0x09E0	0x0E74      	MOVLW       FARG_SPI1_Write_data_
0x09E2	0x6E4E      	MOVWF       _SPI_Wr_Ptr+2 
0x09E4	0x0E00      	MOVLW       hi_addr(FARG_SPI1_Write_data_)
0x09E6	0x6E4F      	MOVWF       _SPI_Wr_Ptr+3 
;__Lib_SPI_b10c7.c,43 :: 		
0x09E8	0x9E94      	BCF         TRISC7_bit, BitPos(TRISC7_bit+0) 
;__Lib_SPI_b10c7.c,44 :: 		
0x09EA	0x5055      	MOVF        FARG_SPI1_Init_Advanced_master, 0 
0x09EC	0x0A04      	XORLW       4
0x09EE	0xE102      	BNZ         L_SPI1_Init_Advanced0
0x09F0	0x8293      	BSF         TRISB1_bit, BitPos(TRISB1_bit+0) 
0x09F2	0xD001      	BRA         L_SPI1_Init_Advanced1
L_SPI1_Init_Advanced0:
;__Lib_SPI_b10c7.c,45 :: 		
0x09F4	0x9293      	BCF         TRISB1_bit, BitPos(TRISB1_bit+0) 
L_SPI1_Init_Advanced1:
;__Lib_SPI_b10c7.c,46 :: 		
0x09F6	0x8093      	BSF         TRISB0_bit, BitPos(TRISB0_bit+0) 
;__Lib_SPI_b10c7.c,48 :: 		
0x09F8	0x6AC6      	CLRF        SSPCON1 
;__Lib_SPI_b10c7.c,49 :: 		
0x09FA	0x9CC7      	BCF         SSPSTAT, 6 
;__Lib_SPI_b10c7.c,50 :: 		
0x09FC	0x9EC7      	BCF         SSPSTAT, 7 
;__Lib_SPI_b10c7.c,51 :: 		
0x09FE	0x5055      	MOVF        FARG_SPI1_Init_Advanced_master, 0 
0x0A00	0x12C6      	IORWF       SSPCON1, 1 
;__Lib_SPI_b10c7.c,52 :: 		
0x0A02	0x5057      	MOVF        FARG_SPI1_Init_Advanced_clock_idle, 0 
0x0A04	0x12C6      	IORWF       SSPCON1, 1 
;__Lib_SPI_b10c7.c,53 :: 		
0x0A06	0x5056      	MOVF        FARG_SPI1_Init_Advanced_data_sample, 0 
0x0A08	0x12C7      	IORWF       SSPSTAT, 1 
;__Lib_SPI_b10c7.c,55 :: 		
0x0A0A	0x5257      	MOVF        FARG_SPI1_Init_Advanced_clock_idle, 1 
0x0A0C	0xE005      	BZ          L_SPI1_Init_Advanced2
;__Lib_SPI_b10c7.c,56 :: 		
0x0A0E	0x5058      	MOVF        FARG_SPI1_Init_Advanced_transmit_edge, 0 
0x0A10	0x0A00      	XORLW       0
0x0A12	0xB4D8      	BTFSC       STATUS, 2 
;__Lib_SPI_b10c7.c,57 :: 		
0x0A14	0x8CC7      	BSF         SSPSTAT, 6 
L_SPI1_Init_Advanced3:
;__Lib_SPI_b10c7.c,58 :: 		
0x0A16	0xD003      	BRA         L_SPI1_Init_Advanced4
L_SPI1_Init_Advanced2:
;__Lib_SPI_b10c7.c,60 :: 		
0x0A18	0x5258      	MOVF        FARG_SPI1_Init_Advanced_transmit_edge, 1 
0x0A1A	0xA4D8      	BTFSS       STATUS, 2 
;__Lib_SPI_b10c7.c,61 :: 		
0x0A1C	0x8CC7      	BSF         SSPSTAT, 6 
L_SPI1_Init_Advanced5:
;__Lib_SPI_b10c7.c,62 :: 		
L_SPI1_Init_Advanced4:
;__Lib_SPI_b10c7.c,63 :: 		
0x0A1E	0x8AC6      	BSF         SSPCON1, 5 
;__Lib_SPI_b10c7.c,64 :: 		
L_end_SPI1_Init_Advanced:
0x0A20	0x0012      	RETURN      0
; end of _SPI1_Init_Advanced
_main:
0x0A22	0xF005EC92  	CALL        2852, 0
;I2C LCD.c,48 :: 		void main() {
;I2C LCD.c,49 :: 		ADCON1 |= 0x0F;
0x0A26	0x0E0F      	MOVLW       15
0x0A28	0x12C1      	IORWF       ADCON1, 1 
;I2C LCD.c,50 :: 		CMCON  |= 7;
0x0A2A	0x0E07      	MOVLW       7
0x0A2C	0x12B4      	IORWF       CMCON, 1 
;I2C LCD.c,52 :: 		TRISA =0x00;
0x0A2E	0x6A92      	CLRF        TRISA 
;I2C LCD.c,53 :: 		TRISB=0x21;
0x0A30	0x0E21      	MOVLW       33
0x0A32	0x6E93      	MOVWF       TRISB 
;I2C LCD.c,54 :: 		TRISC=0x00;
0x0A34	0x6A94      	CLRF        TRISC 
;I2C LCD.c,55 :: 		TRISD=0x00;
0x0A36	0x6A95      	CLRF        TRISD 
;I2C LCD.c,57 :: 		PORTA=0x00;
0x0A38	0x6A80      	CLRF        PORTA 
;I2C LCD.c,58 :: 		PORTB=0x00;
0x0A3A	0x6A81      	CLRF        PORTB 
;I2C LCD.c,59 :: 		PORTC=0b01000000;
0x0A3C	0x0E40      	MOVLW       64
0x0A3E	0x6E82      	MOVWF       PORTC 
;I2C LCD.c,60 :: 		PORTD=0x00;
0x0A40	0x6A83      	CLRF        PORTD 
;I2C LCD.c,62 :: 		I2C_LCD_Init();
0x0A42	0xDE63      	RCALL       _I2C_LCD_Init
;I2C LCD.c,63 :: 		I2C_LCD_Cmd(_LCD_CURSOR_OFF);
0x0A44	0x0E0C      	MOVLW       12
0x0A46	0x6E5F      	MOVWF       FARG_I2C_LCD_Cmd_out_char 
0x0A48	0xDCE7      	RCALL       _I2C_LCD_Cmd
;I2C LCD.c,64 :: 		I2C_LCD_Cmd(_LCD_CLEAR);
0x0A4A	0x0E01      	MOVLW       1
0x0A4C	0x6E5F      	MOVWF       FARG_I2C_LCD_Cmd_out_char 
0x0A4E	0xDCE4      	RCALL       _I2C_LCD_Cmd
;I2C LCD.c,74 :: 		SPI1_Init();
0x0A50	0xDE44      	RCALL       _SPI1_Init
;I2C LCD.c,75 :: 		SPI1_Init_Advanced(_SPI_MASTER_OSC_DIV64, _SPI_DATA_SAMPLE_MIDDLE, _SPI_CLK_IDLE_LOW, _SPI_LOW_2_HIGH);
0x0A52	0x0E02      	MOVLW       2
0x0A54	0x6E55      	MOVWF       FARG_SPI1_Init_Advanced_master 
0x0A56	0x6A56      	CLRF        FARG_SPI1_Init_Advanced_data_sample 
0x0A58	0x6A57      	CLRF        FARG_SPI1_Init_Advanced_clock_idle 
0x0A5A	0x0E01      	MOVLW       1
0x0A5C	0x6E58      	MOVWF       FARG_SPI1_Init_Advanced_transmit_edge 
0x0A5E	0xDFB4      	RCALL       _SPI1_Init_Advanced
;I2C LCD.c,76 :: 		Delay_us(100);
0x0A60	0x0E03      	MOVLW       3
0x0A62	0x6E0C      	MOVWF       R12, 0
0x0A64	0x0E97      	MOVLW       151
0x0A66	0x6E0D      	MOVWF       R13, 0
L_main29:
0x0A68	0x2E0D      	DECFSZ      R13, 1, 0
0x0A6A	0xD7FE      	BRA         L_main29
0x0A6C	0x2E0C      	DECFSZ      R12, 1, 0
0x0A6E	0xD7FC      	BRA         L_main29
0x0A70	0x0000      	NOP
0x0A72	0x0000      	NOP
;I2C LCD.c,78 :: 		do{
L_main30:
;I2C LCD.c,79 :: 		I2C_LCD_Cmd(_LCD_CLEAR);
0x0A74	0x0E01      	MOVLW       1
0x0A76	0x6E5F      	MOVWF       FARG_I2C_LCD_Cmd_out_char 
0x0A78	0xDCCF      	RCALL       _I2C_LCD_Cmd
;I2C LCD.c,80 :: 		I2C_Lcd_Out(1,1,"NAO ENCONTRADO");
0x0A7A	0x0E01      	MOVLW       1
0x0A7C	0x6E55      	MOVWF       FARG_I2C_LCD_Out_row 
0x0A7E	0x0E01      	MOVLW       1
0x0A80	0x6E56      	MOVWF       FARG_I2C_LCD_Out_col 
0x0A82	0x0E16      	MOVLW       ?lstr1_I2C_32LCD
0x0A84	0x6E57      	MOVWF       FARG_I2C_LCD_Out_text 
0x0A86	0x0E00      	MOVLW       hi_addr(?lstr1_I2C_32LCD)
0x0A88	0x6E58      	MOVWF       FARG_I2C_LCD_Out_text+1 
0x0A8A	0xDF88      	RCALL       _I2C_LCD_Out
;I2C LCD.c,81 :: 		error = MMC_Init();
0x0A8C	0xDEE2      	RCALL       _Mmc_Init
0x0A8E	0xF054C000  	MOVFF       R0, _error
;I2C LCD.c,82 :: 		delay_ms(1000);
0x0A92	0x0E66      	MOVLW       102
0x0A94	0x6E0B      	MOVWF       R11, 0
0x0A96	0x0E76      	MOVLW       118
0x0A98	0x6E0C      	MOVWF       R12, 0
0x0A9A	0x0EC1      	MOVLW       193
0x0A9C	0x6E0D      	MOVWF       R13, 0
L_main33:
0x0A9E	0x2E0D      	DECFSZ      R13, 1, 0
0x0AA0	0xD7FE      	BRA         L_main33
0x0AA2	0x2E0C      	DECFSZ      R12, 1, 0
0x0AA4	0xD7FC      	BRA         L_main33
0x0AA6	0x2E0B      	DECFSZ      R11, 1, 0
0x0AA8	0xD7FA      	BRA         L_main33
;I2C LCD.c,84 :: 		while(error);
0x0AAA	0x5254      	MOVF        _error, 1 
0x0AAC	0xE1E3      	BNZ         L_main30
;I2C LCD.c,87 :: 		I2C_LCD_Cmd(_LCD_CLEAR);
0x0AAE	0x0E01      	MOVLW       1
0x0AB0	0x6E5F      	MOVWF       FARG_I2C_LCD_Cmd_out_char 
0x0AB2	0xDCB2      	RCALL       _I2C_LCD_Cmd
;I2C LCD.c,88 :: 		I2C_Lcd_Out(1,1,"CARTAO DETECTADO");
0x0AB4	0x0E01      	MOVLW       1
0x0AB6	0x6E55      	MOVWF       FARG_I2C_LCD_Out_row 
0x0AB8	0x0E01      	MOVLW       1
0x0ABA	0x6E56      	MOVWF       FARG_I2C_LCD_Out_col 
0x0ABC	0x0E25      	MOVLW       ?lstr2_I2C_32LCD
0x0ABE	0x6E57      	MOVWF       FARG_I2C_LCD_Out_text 
0x0AC0	0x0E00      	MOVLW       hi_addr(?lstr2_I2C_32LCD)
0x0AC2	0x6E58      	MOVWF       FARG_I2C_LCD_Out_text+1 
0x0AC4	0xDF6B      	RCALL       _I2C_LCD_Out
;I2C LCD.c,89 :: 		I2C_Lcd_Out(2,1,"INICIALIZADO");
0x0AC6	0x0E02      	MOVLW       2
0x0AC8	0x6E55      	MOVWF       FARG_I2C_LCD_Out_row 
0x0ACA	0x0E01      	MOVLW       1
0x0ACC	0x6E56      	MOVWF       FARG_I2C_LCD_Out_col 
0x0ACE	0x0E3A      	MOVLW       ?lstr3_I2C_32LCD
0x0AD0	0x6E57      	MOVWF       FARG_I2C_LCD_Out_text 
0x0AD2	0x0E00      	MOVLW       hi_addr(?lstr3_I2C_32LCD)
0x0AD4	0x6E58      	MOVWF       FARG_I2C_LCD_Out_text+1 
0x0AD6	0xDF62      	RCALL       _I2C_LCD_Out
;I2C LCD.c,90 :: 		Delay_ms(1000);
0x0AD8	0x0E66      	MOVLW       102
0x0ADA	0x6E0B      	MOVWF       R11, 0
0x0ADC	0x0E76      	MOVLW       118
0x0ADE	0x6E0C      	MOVWF       R12, 0
0x0AE0	0x0EC1      	MOVLW       193
0x0AE2	0x6E0D      	MOVWF       R13, 0
L_main34:
0x0AE4	0x2E0D      	DECFSZ      R13, 1, 0
0x0AE6	0xD7FE      	BRA         L_main34
0x0AE8	0x2E0C      	DECFSZ      R12, 1, 0
0x0AEA	0xD7FC      	BRA         L_main34
0x0AEC	0x2E0B      	DECFSZ      R11, 1, 0
0x0AEE	0xD7FA      	BRA         L_main34
;I2C LCD.c,167 :: 		}
L_end_main:
0x0AF0	0xD7FF      	BRA         $+0
; end of _main
0x0B24	0xF015EE10  	LFSR        1, 21
0x0B28	0x0E32      	MOVLW       50
0x0B2A	0x6E00      	MOVWF       R0 
0x0B2C	0x0E01      	MOVLW       1
0x0B2E	0x6E01      	MOVWF       R1 
0x0B30	0x0EF2      	MOVLW       242
0x0B32	0x6EF6      	MOVWF       4086 
0x0B34	0x0E0A      	MOVLW       10
0x0B36	0x6EF7      	MOVWF       TBLPTRH 
0x0B38	0x0E00      	MOVLW       0
0x0B3A	0x6EF8      	MOVWF       TBLPTRU 
0x0B3C	0xF004EC21  	CALL        2114, 0
0x0B40	0x0012      	RETURN      0
;__Lib_Mmc.c,0 :: ?ICS__Lib_Mmc_cardType
0x0AF2	0x00 ;?ICS__Lib_Mmc_cardType+0
; end of ?ICS__Lib_Mmc_cardType
;I2C LCD.c,0 :: ?ICS?lstr1_I2C_32LCD
0x0AF3	0x414E ;?ICS?lstr1_I2C_32LCD+0
0x0AF5	0x204F ;?ICS?lstr1_I2C_32LCD+2
0x0AF7	0x4E45 ;?ICS?lstr1_I2C_32LCD+4
0x0AF9	0x4F43 ;?ICS?lstr1_I2C_32LCD+6
0x0AFB	0x544E ;?ICS?lstr1_I2C_32LCD+8
0x0AFD	0x4152 ;?ICS?lstr1_I2C_32LCD+10
0x0AFF	0x4F44 ;?ICS?lstr1_I2C_32LCD+12
0x0B01	0x00 ;?ICS?lstr1_I2C_32LCD+14
; end of ?ICS?lstr1_I2C_32LCD
;I2C LCD.c,0 :: ?ICS?lstr2_I2C_32LCD
0x0B02	0x4143 ;?ICS?lstr2_I2C_32LCD+0
0x0B04	0x5452 ;?ICS?lstr2_I2C_32LCD+2
0x0B06	0x4F41 ;?ICS?lstr2_I2C_32LCD+4
0x0B08	0x4420 ;?ICS?lstr2_I2C_32LCD+6
0x0B0A	0x5445 ;?ICS?lstr2_I2C_32LCD+8
0x0B0C	0x4345 ;?ICS?lstr2_I2C_32LCD+10
0x0B0E	0x4154 ;?ICS?lstr2_I2C_32LCD+12
0x0B10	0x4F44 ;?ICS?lstr2_I2C_32LCD+14
0x0B12	0x00 ;?ICS?lstr2_I2C_32LCD+16
; end of ?ICS?lstr2_I2C_32LCD
;__Lib_I2C_b10.c,0 :: ?ICS__Lib_I2C_b10__I2C1_TIMEOUT
0x0B13	0x0000 ;?ICS__Lib_I2C_b10__I2C1_TIMEOUT+0
0x0B15	0x0000 ;?ICS__Lib_I2C_b10__I2C1_TIMEOUT+2
; end of ?ICS__Lib_I2C_b10__I2C1_TIMEOUT
;I2C LCD.c,0 :: ?ICS?lstr3_I2C_32LCD
0x0B17	0x4E49 ;?ICS?lstr3_I2C_32LCD+0
0x0B19	0x4349 ;?ICS?lstr3_I2C_32LCD+2
0x0B1B	0x4149 ;?ICS?lstr3_I2C_32LCD+4
0x0B1D	0x494C ;?ICS?lstr3_I2C_32LCD+6
0x0B1F	0x415A ;?ICS?lstr3_I2C_32LCD+8
0x0B21	0x4F44 ;?ICS?lstr3_I2C_32LCD+10
0x0B23	0x00 ;?ICS?lstr3_I2C_32LCD+12
; end of ?ICS?lstr3_I2C_32LCD
Symbol List:
//** Routines locations **
//ADDRESS    SIZE    PROCEDURE
//----------------------------------------------
0x001C      [14]    _UART1_Write
0x002A      [18]    _SPI1_Write
0x003C      [24]    _____DoIFC
0x0054      [12]    _Delay_1us
0x0060      [18]    __Lib_SoftI2C_PutZerosToLATSda
0x0072      [18]    __Lib_SoftI2C_PutZerosToLATScl
0x0084     [196]    _I2C1_Rd
0x0148     [194]    _I2C1_Wr
0x020A      [18]    _SPI1_Read
0x021C     [194]    _Soft_I2C_Write
0x02DE      [26]    _Soft_I2C_Start
0x02F8      [48]    _Soft_I2C_Stop
0x0328       [4]    __Lib_Mmc_Mmc_Select
0x032C      [26]    __Lib_Mmc_Mmc_DeSelect
0x0346     [210]    __Lib_Mmc_Mmc_Send_Command
0x0418     [148]    _I2C_LCD_Cmd
0x04AC     [226]    _I2C_LCD_Chr
0x058E     [332]    __Lib_Mmc_Mmc_UnIdle
0x06DA      [48]    _SPI1_Init
0x070A     [312]    _I2C_LCD_Init
0x0842      [16]    ___CC2DW
0x0852     [330]    _Mmc_Init
0x099C      [44]    _I2C_LCD_Out
0x09C8      [90]    _SPI1_Init_Advanced
0x0A22     [208]    _main
//** Variables locations ** 
//ADDRESS    SIZE    VARIABLE
//----------------------------------------------
0x0000       [1]    __Lib_SoftI2C_PutZerosToLATSda_temp_sda_L0
0x0000       [1]    __Lib_SoftI2C_PutZerosToLATScl_temp_scl_L0
0x0000       [1]    SPI1_Write_tmp_L0
0x0000       [1]    UART1_Init_tmp_L0
0x0000       [1]    R0
0x0001       [1]    R1
0x0001       [1]    ispunct_rslt_L0
0x0001       [1]    UART1_Read___tmp_UART1_Read_L0
0x0002       [1]    R2
0x0002       [2]    memset_pp_L0
0x0002       [2]    strlen_cp_L0
0x0002       [2]    memcpy_dd_L0
0x0002       [2]    memchr_s_L0
0x0003       [2]    Ltrim_original_L0
0x0003       [2]    memmove_tt_L0
0x0003       [2]    __Lib_MmcFat16_f16_toInt_l_L0
0x0003       [1]    R3
0x0004       [1]    R4
0x0004       [2]    strncat_cp_L0
0x0004       [2]    strcpy_cp_L0
0x0004       [2]    strncpy_cp_L0
0x0004       [2]    strcat_cp_L0
0x0004       [2]    memcpy_ss_L0
0x0005       [2]    Ltrim_p_L0
0x0005       [2]    memmove_ff_L0
0x0005       [1]    R5
0x0005       [2]    LongIntToHex_input_half_L0
0x0005       [2]    LongWordToHex_input_half_L0
0x0006       [1]    R6
0x0007       [1]    R7
0x0008       [1]    R8
0x0009       [4]    __Lib_MmcFat16_f16_toLong_l_L0
0x0009       [1]    R9
0x000A       [1]    R10
0x000B       [1]    R11
0x000C       [1]    R12
0x000D       [1]    R13
0x000E       [1]    R14
0x000F       [1]    R15
0x0010       [1]    R16
0x0011       [1]    R17
0x0012       [1]    R18
0x0013       [1]    R19
0x0014       [1]    R20
0x0015       [1]    __Lib_Mmc_cardType
0x0016      [15]    ?lstr1_I2C_32LCD
0x0025      [17]    ?lstr2_I2C_32LCD
0x0036       [4]    __Lib_I2C_b10__I2C1_TIMEOUT
0x003A      [13]    ?lstr3_I2C_32LCD
0x0047       [4]    _I2C1_Timeout_Ptr
0x004B       [0]    __Lib_SoftI2C___StopWaiting
0x004C       [4]    _SPI_Wr_Ptr
0x0050       [4]    _SPI_Rd_Ptr
0x0054       [1]    _error
0x0055       [1]    I2C_LCD_Init_rs_L0
0x0055       [1]    FARG_SPI1_Init_Advanced_master
0x0055       [2]    Mmc_Init_cnt_L0
0x0055       [1]    FARG_I2C_LCD_Out_row
0x0056       [1]    FARG_SPI1_Init_Advanced_data_sample
0x0056       [1]    FARG_I2C_LCD_Out_col
0x0057       [1]    FARG_SPI1_Init_Advanced_clock_idle
0x0057       [1]    Mmc_Init_response_L0
0x0057       [2]    FARG_I2C_LCD_Out_text
0x0058       [1]    FARG_SPI1_Init_Advanced_transmit_edge
0x0059       [1]    FARG___Lib_Mmc_Mmc_UnIdle_ctype
0x0059       [1]    FARG_I2C_LCD_Chr_row
0x005A       [2]    __Lib_Mmc_Mmc_UnIdle_cnt_L0
0x005A       [1]    FARG_I2C_LCD_Chr_column
0x005B       [1]    FARG_I2C_LCD_Chr_out_char
0x005C       [1]    __Lib_Mmc_Mmc_UnIdle_response_L0
0x005C       [1]    I2C_LCD_Chr_hi_n_L0
0x005D       [1]    I2C_LCD_Chr_lo_n_L0
0x005D       [1]    __Lib_Mmc_Mmc_UnIdle_response2_L0
0x005E       [1]    I2C_LCD_Chr_rs_L0
0x005F       [1]    FARG_I2C_LCD_Cmd_out_char
0x005F       [1]    __Lib_Mmc_Mmc_Send_Command_response_L0
0x0060       [1]    I2C_LCD_Cmd_hi_n_L0
0x0061       [1]    FARG___Lib_Mmc_Mmc_Send_Command_partial_cmm
0x0061       [1]    I2C_LCD_Cmd_lo_n_L0
0x0062       [4]    FARG___Lib_Mmc_Mmc_Send_Command_content
0x0062       [1]    I2C_LCD_Cmd_rs_L0
0x0066       [1]    FARG___Lib_Mmc_Mmc_Send_Command_crc
0x0067       [2]    __Lib_Mmc_Mmc_Send_Command_timeout_L0
0x0069       [1]    FARG_Soft_I2C_Write_data_
0x006A       [2]    Soft_I2C_Write_temp_L0
0x006C       [2]    Soft_I2C_Write_result_L0
0x006E       [1]    FARG_I2C1_Wr_data_
0x006E       [1]    FARG_I2C1_Rd_ack
0x006E       [1]    FARG_SPI1_Read_buffer
0x006F       [4]    I2C1_Wr_timeout_L0
0x006F       [1]    I2C1_Rd_tmp_L0
0x0070       [4]    I2C1_Rd_timeout_L0
0x0074       [1]    FARG_SPI1_Write_data_
0x0074       [1]    FARG_UART1_Write_data_
0x0F80       [1]    PORTA
0x0F81       [0]    Mmc_Chip_Select
0x0F81       [0]    RB2_bit
0x0F81       [1]    PORTB
0x0F82       [1]    PORTC
0x0F83       [1]    PORTD
0x0F83       [0]    Soft_I2C_Scl
0x0F83       [0]    Soft_I2C_Sda
0x0F83       [0]    RD3_bit
0x0F83       [0]    RD2_bit
0x0F92       [1]    TRISA
0x0F93       [0]    TRISB0_bit
0x0F93       [1]    TRISB
0x0F93       [0]    TRISB1_bit
0x0F93       [0]    TRISB2_bit
0x0F93       [0]    Mmc_Chip_Select_Direction
0x0F94       [1]    TRISC
0x0F94       [0]    TRISC7_bit
0x0F95       [0]    Soft_I2C_Scl_direction
0x0F95       [0]    TRISD2_bit
0x0F95       [0]    Soft_I2C_Sda_direction
0x0F95       [1]    TRISD
0x0F95       [0]    TRISD3_bit
0x0F9E       [1]    PIR1
0x0FAC       [1]    TXSTA
0x0FAD       [1]    TXREG
0x0FB4       [1]    CMCON
0x0FC1       [1]    ADCON1
0x0FC5       [1]    SSPCON2
0x0FC6       [1]    SSPCON1
0x0FC7       [1]    SSPSTAT
0x0FC9       [1]    SSPBUF
0x0FD8       [1]    STATUS
0x0FD9       [1]    FSR2L
0x0FDA       [1]    FSR2H
0x0FDE       [1]    POSTINC2
0x0FE0       [1]    BSR
0x0FE1       [2]    FSR1
0x0FE1       [1]    FSR1L
0x0FE2       [1]    FSR1H
0x0FE4       [1]    PREINC1
0x0FE6       [1]    POSTINC1
0x0FE7       [1]    INDF1
0x0FE8       [1]    WREG
0x0FE9       [1]    FSR0L
0x0FEA       [1]    FSR0H
0x0FEE       [1]    POSTINC0
0x0FEF       [1]    INDF0
0x0FF2       [1]    INTCON
0x0FF3       [1]    PRODL
0x0FF4       [1]    PRODH
0x0FF5       [1]    TABLAT
0x0FF6       [1]    TBLPTRL
0x0FF7       [1]    TBLPTRH
0x0FF8       [1]    TBLPTRU
0x0FFD       [1]    TOSL
0x0FFE       [1]    TOSH
0x0FFF       [1]    TOSU
//** Constants locations ** 
//ADDRESS    SIZE    CONSTANT
//----------------------------------------------
0x0AF2       [1]    ?ICS__Lib_Mmc_cardType
0x0AF3      [15]    ?ICS?lstr1_I2C_32LCD
0x0B02      [17]    ?ICS?lstr2_I2C_32LCD
0x0B13       [4]    ?ICS__Lib_I2C_b10__I2C1_TIMEOUT
0x0B17      [13]    ?ICS?lstr3_I2C_32LCD
